#
# A fatal error has been detected by the Java Runtime Environment:
#
#  EXCEPTION_ACCESS_VIOLATION (0xc0000005) at pc=0x00007ffd9d38727d, pid=7780, tid=11940
#
# JRE version: OpenJDK Runtime Environment (11.0.10) (build 11.0.10+0-b96-7249189)
# Java VM: OpenJDK 64-Bit Server VM (11.0.10+0-b96-7249189, mixed mode, tiered, compressed oops, g1 gc, windows-amd64)
# Problematic frame:
# V  [jvm.dll+0x50727d]
#
# No core dump will be written. Minidumps are not enabled by default on client versions of Windows
#
# If you would like to submit a bug report, please visit:
#   https://bugreport.java.com/bugreport/crash.jsp
#

---------------  S U M M A R Y ------------

Command Line: --add-opens=java.base/java.util=ALL-UNNAMED --add-opens=java.base/java.lang=ALL-UNNAMED --add-opens=java.base/java.lang.invoke=ALL-UNNAMED --add-opens=java.base/java.util=ALL-UNNAMED --add-opens=java.prefs/java.util.prefs=ALL-UNNAMED --add-opens=java.prefs/java.util.prefs=ALL-UNNAMED --add-opens=java.base/java.nio.charset=ALL-UNNAMED --add-opens=java.base/java.net=ALL-UNNAMED --add-opens=java.base/java.util.concurrent.atomic=ALL-UNNAMED -Xmx2048m -Dfile.encoding=UTF-8 -Duser.country=ID -Duser.language=en -Duser.variant org.gradle.launcher.daemon.bootstrap.GradleDaemon 7.0.2

Host: Intel(R) Celeron(R) N4120 CPU @ 1.10GHz, 4 cores, 3G,  Windows 10 , 64 bit Build 19041 (10.0.19041.1202)
Time: Tue Oct 12 09:25:17 2021 SE Asia Standard Time elapsed time: 1518.414620 seconds (0d 0h 25m 18s)

---------------  T H R E A D  ---------------

Current thread (0x00000226165a1800):  JavaThread "C2 CompilerThread0" daemon [_thread_in_native, id=11940, stack(0x00000050dc900000,0x00000050dca00000)]


Current CompileTask:
C2:1518414 22294       4       org.gradle.api.internal.artifacts.ivyservice.resolveengine.graph.builder.DependencyGraphBuilder::resolveEdges (43 bytes)

Stack: [0x00000050dc900000,0x00000050dca00000],  sp=0x00000050dc9fa6e0,  free space=1001k
Native frames: (J=compiled Java code, j=interpreted, Vv=VM code, C=native code)
V  [jvm.dll+0x50727d]
V  [jvm.dll+0x506e28]
V  [jvm.dll+0x506347]
V  [jvm.dll+0x203253]
V  [jvm.dll+0x1fd07c]
V  [jvm.dll+0x1fa77f]
V  [jvm.dll+0x18354c]
V  [jvm.dll+0x208ee7]
V  [jvm.dll+0x207731]
V  [jvm.dll+0x6eb1cf]
V  [jvm.dll+0x6e3d45]
V  [jvm.dll+0x5ebe96]
C  [ucrtbase.dll+0x21bb2]
C  [KERNEL32.DLL+0x17034]
C  [ntdll.dll+0x52651]


siginfo: EXCEPTION_ACCESS_VIOLATION (0xc0000005), writing address 0x0000000000000000


Register to memory mapping:

RIP=0x00007ffd9d38727d jvm.dll
RAX=0x0000022621d56fb0 points into unknown readable memory: 0x0000000000000060 | 60 00 00 00 00 00 00 00
RBX=0x0000022617adf730 points into unknown readable memory: 0x00007ffd9d6640f0 | f0 40 66 9d fd 7f 00 00
RCX=0x0 is NULL
RDX=0x0000022621d56fb0 points into unknown readable memory: 0x0000000000000060 | 60 00 00 00 00 00 00 00
RSP=0x00000050dc9fa6e0 is pointing into the stack for thread: 0x00000226165a1800
RBP=0x00000050dc9fa890 is pointing into the stack for thread: 0x00000226165a1800
RSI=0x00000000000000f0 is an unknown value
RDI=0x00000050dc9fac10 is pointing into the stack for thread: 0x00000226165a1800
R8 =0x0000022617adeaf8 points into unknown readable memory: 0x00007ffd9d664288 | 88 42 66 9d fd 7f 00 00
R9 =0x00000050dc9fac10 is pointing into the stack for thread: 0x00000226165a1800
R10=0x0000022621d4faa0 points into unknown readable memory: 0x000002261b4bda60 | 60 da 4b 1b 26 02 00 00
R11=0x000002261da42940 points into unknown readable memory: 0x00000226221a2ab8 | b8 2a 1a 22 26 02 00 00
R12=0x00000050dc9fa7d8 is pointing into the stack for thread: 0x00000226165a1800
R13=0x00000050dc9fa7b0 is pointing into the stack for thread: 0x00000226165a1800
R14=0x00000226202e7db0 points into unknown readable memory: 0x00007ffd9d692720 | 20 27 69 9d fd 7f 00 00
R15=0x00000226202e7db0 points into unknown readable memory: 0x00007ffd9d692720 | 20 27 69 9d fd 7f 00 00


Registers:
RAX=0x0000022621d56fb0, RBX=0x0000022617adf730, RCX=0x0000000000000000, RDX=0x0000022621d56fb0
RSP=0x00000050dc9fa6e0, RBP=0x00000050dc9fa890, RSI=0x00000000000000f0, RDI=0x00000050dc9fac10
R8 =0x0000022617adeaf8, R9 =0x00000050dc9fac10, R10=0x0000022621d4faa0, R11=0x000002261da42940
R12=0x00000050dc9fa7d8, R13=0x00000050dc9fa7b0, R14=0x00000226202e7db0, R15=0x00000226202e7db0
RIP=0x00007ffd9d38727d, EFLAGS=0x0000000000010a07

Top of Stack: (sp=0x00000050dc9fa6e0)
0x00000050dc9fa6e0:   0000022617adf730 00000000000000f0
0x00000050dc9fa6f0:   0000022617f1bac0 000002261659c060
0x00000050dc9fa700:   0000022617adf650 00000000000000e5
0x00000050dc9fa710:   00000050dc9fa840 00007ffd9d386e28
0x00000050dc9fa720:   0000022617adf730 00000050dc9fa890
0x00000050dc9fa730:   00000000000000f0 00000050dc9fa7d8
0x00000050dc9fa740:   00000050dc9fb5e8 00007ffd9d44c470
0x00000050dc9fa750:   000002261659c060 0000000000000001
0x00000050dc9fa760:   0000022617c2ad30 00000050dc9fa890
0x00000050dc9fa770:   0000000000000000 0000000000000002
0x00000050dc9fa780:   00000050dc9fac10 00007ffd9d386347
0x00000050dc9fa790:   00000050dc9fac10 0000000000000001
0x00000050dc9fa7a0:   00000000000000e5 00000050dc9fa840
0x00000050dc9fa7b0:   000002261659c060 0000000000000200
0x00000050dc9fa7c0:   000002261da4a850 00000000000000f1
0x00000050dc9fa7d0:   0000022600000001 00007ffd9d6ede48 

Instructions: (pc=0x00007ffd9d38727d)
0x00007ffd9d38717d:   d0 c1 f8 03 83 e0 1f 8d 48 f8 f7 c1 f6 ff ff ff
0x00007ffd9d38718d:   75 37 83 f8 09 74 32 48 8b 46 08 4d 8b c4 48 8b
0x00007ffd9d38719d:   08 48 8b 41 08 48 8b cf 48 8b 18 48 8b 07 48 8b
0x00007ffd9d3871ad:   d3 ff 50 20 84 c0 74 05 49 3b dc 75 0c 8b 43 2c
0x00007ffd9d3871bd:   48 8b f3 24 0f 3c 08 74 9b 48 85 f6 74 11 8b 46
0x00007ffd9d3871cd:   2c 83 e0 07 3c 05 75 07 48 8b 46 08 48 8b 30 45
0x00007ffd9d3871dd:   8b 7e 28 44 3b 7f 28 72 0c 41 8b d7 48 8d 4f 20
0x00007ffd9d3871ed:   e8 ce 51 0c 00 48 8b 47 30 48 8d 56 01 48 8b cf
0x00007ffd9d3871fd:   4a 89 14 f8 48 8b d6 e8 f7 ea da ff 4c 8b 7c 24
0x00007ffd9d38720d:   20 84 c0 75 09 48 8b af 90 09 00 00 eb 12 8b 46
0x00007ffd9d38721d:   28 3b 47 28 73 0a 8b c8 48 8b 47 30 48 8b 2c c8
0x00007ffd9d38722d:   48 83 7d 10 00 75 21 8b 7d 50 8d 47 01 89 45 50
0x00007ffd9d38723d:   3b 7d 40 72 0b 8b d7 48 8d 4d 38 e8 73 51 0c 00
0x00007ffd9d38724d:   48 8b 45 48 4c 89 34 f8 48 8b 74 24 50 4c 8b 64
0x00007ffd9d38725d:   24 58 48 8b 6c 24 48 48 8b 5c 24 40 48 83 c4 28
0x00007ffd9d38726d:   41 5e 5f c3 0f 1f 00 b8 6f 50 00 2b 6f 50 00 00
0x00007ffd9d38727d:   01 01 01 01 01 01 01 01 01 01 01 01 01 01 01 01
0x00007ffd9d38728d:   01 01 01 01 01 01 01 01 01 01 01 01 01 01 01 01
0x00007ffd9d38729d:   01 01 01 01 01 01 01 01 01 01 01 01 01 01 01 01
0x00007ffd9d3872ad:   01 01 01 01 01 01 01 01 01 01 01 01 01 01 01 01
0x00007ffd9d3872bd:   01 01 01 01 01 01 01 01 01 01 01 01 01 01 01 01
0x00007ffd9d3872cd:   01 01 01 01 01 01 01 01 01 01 01 01 01 01 01 01
0x00007ffd9d3872dd:   01 01 01 01 01 01 01 01 00 00 00 01 01 01 01 01
0x00007ffd9d3872ed:   01 01 01 01 01 01 01 01 00 01 01 01 01 01 01 01
0x00007ffd9d3872fd:   01 01 01 00 00 00 00 00 00 00 00 00 00 00 01 00
0x00007ffd9d38730d:   00 00 00 01 00 00 01 01 01 01 01 01 01 01 01 01
0x00007ffd9d38731d:   01 01 01 01 01 01 01 01 00 00 00 01 01 01 01 01
0x00007ffd9d38732d:   01 01 01 01 01 01 01 01 01 01 01 01 01 01 01 01
0x00007ffd9d38733d:   01 01 01 01 01 01 01 01 01 01 01 01 01 01 01 01
0x00007ffd9d38734d:   01 01 01 01 01 01 01 01 01 01 01 01 01 01 01 01
0x00007ffd9d38735d:   01 01 01 01 01 01 01 01 01 01 01 01 01 01 00 01
0x00007ffd9d38736d:   00 00 00 40 55 48 8b ec 48 83 ec 50 48 8b 41 10 


Stack slot to memory mapping:
stack at sp + 0 slots: 0x0000022617adf730 points into unknown readable memory: 0x00007ffd9d6640f0 | f0 40 66 9d fd 7f 00 00
stack at sp + 1 slots: 0x00000000000000f0 is an unknown value
stack at sp + 2 slots: 0x0000022617f1bac0 points into unknown readable memory: 0x00007ffd9d69a1f8 | f8 a1 69 9d fd 7f 00 00
stack at sp + 3 slots: 0x000002261659c060 points into unknown readable memory: 0x0000000000000006 | 06 00 00 00 00 00 00 00
stack at sp + 4 slots: 0x0000022617adf650 points into unknown readable memory: 0x00007ffd9d6a71f0 | f0 71 6a 9d fd 7f 00 00
stack at sp + 5 slots: 0x00000000000000e5 is an unknown value
stack at sp + 6 slots: 0x00000050dc9fa840 is pointing into the stack for thread: 0x00000226165a1800
stack at sp + 7 slots: 0x00007ffd9d386e28 jvm.dll


---------------  P R O C E S S  ---------------

Threads class SMR info:
_java_thread_list=0x000002261d6c3ba0, length=58, elements={
0x000002267a9fa000, 0x000002261653a000, 0x000002261653d800, 0x000002261659a000,
0x000002261659b000, 0x000002261659e000, 0x00000226165a1800, 0x00000226165a6000,
0x0000022616ec8800, 0x000002261701d800, 0x0000022617017800, 0x000002261701e000,
0x000002261701c800, 0x0000022619489000, 0x0000022619489800, 0x000002261948b800,
0x0000022619487800, 0x000002261948e000, 0x0000022619493800, 0x000002261948e800,
0x0000022619494800, 0x0000022619490800, 0x0000022619caa800, 0x0000022619ca7000,
0x0000022619cad800, 0x0000022619ca8800, 0x0000022619491000, 0x000002261948a800,
0x0000022617368000, 0x0000022617363800, 0x000002261736e000, 0x000002261736a800,
0x000002261736e800, 0x000002261736c800, 0x0000022617367800, 0x0000022619cb4000,
0x0000022619cb1000, 0x0000022619ca6800, 0x0000022619cae800, 0x0000022617369000,
0x0000022619496000, 0x0000022617e9f000, 0x0000022617e9d800, 0x0000022617ea3800,
0x0000022617ea0000, 0x0000022617ea1000, 0x0000022617ea4000, 0x0000022617ea2800,
0x0000022617e9e800, 0x0000022617ea1800, 0x0000022617361800, 0x0000022617364000,
0x0000022617362800, 0x0000022617365800, 0x0000022617365000, 0x000002261736a000,
0x000002261736b800, 0x0000022617366800
}

Java Threads: ( => current thread )
  0x000002267a9fa000 JavaThread "main" [_thread_blocked, id=4568, stack(0x00000050dbd00000,0x00000050dbe00000)]
  0x000002261653a000 JavaThread "Reference Handler" daemon [_thread_blocked, id=16924, stack(0x00000050dc400000,0x00000050dc500000)]
  0x000002261653d800 JavaThread "Finalizer" daemon [_thread_blocked, id=1608, stack(0x00000050dc500000,0x00000050dc600000)]
  0x000002261659a000 JavaThread "Signal Dispatcher" daemon [_thread_blocked, id=13352, stack(0x00000050dc600000,0x00000050dc700000)]
  0x000002261659b000 JavaThread "Attach Listener" daemon [_thread_blocked, id=11000, stack(0x00000050dc700000,0x00000050dc800000)]
  0x000002261659e000 JavaThread "Service Thread" daemon [_thread_blocked, id=16308, stack(0x00000050dc800000,0x00000050dc900000)]
=>0x00000226165a1800 JavaThread "C2 CompilerThread0" daemon [_thread_in_native, id=11940, stack(0x00000050dc900000,0x00000050dca00000)]
  0x00000226165a6000 JavaThread "C1 CompilerThread0" daemon [_thread_blocked, id=5100, stack(0x00000050dca00000,0x00000050dcb00000)]
  0x0000022616ec8800 JavaThread "Sweeper thread" daemon [_thread_blocked, id=18548, stack(0x00000050dcb00000,0x00000050dcc00000)]
  0x000002261701d800 JavaThread "Common-Cleaner" daemon [_thread_blocked, id=15792, stack(0x00000050dcc00000,0x00000050dcd00000)]
  0x0000022617017800 JavaThread "Daemon health stats" [_thread_blocked, id=1116, stack(0x00000050dcf00000,0x00000050dd000000)]
  0x000002261701e000 JavaThread "Incoming local TCP Connector on port 56398" [_thread_in_native, id=1872, stack(0x00000050dd000000,0x00000050dd100000)]
  0x000002261701c800 JavaThread "Daemon periodic checks" [_thread_blocked, id=17352, stack(0x00000050dd100000,0x00000050dd200000)]
  0x0000022619489000 JavaThread "Cache worker for file hash cache (C:\Users\Pro\.gradle\caches\7.0.2\fileHashes)" [_thread_blocked, id=16400, stack(0x00000050ddb00000,0x00000050ddc00000)]
  0x0000022619489800 JavaThread "File lock request listener" [_thread_in_native, id=7436, stack(0x00000050ddc00000,0x00000050ddd00000)]
  0x000002261948b800 JavaThread "Cache worker for journal cache (C:\Users\Pro\.gradle\caches\journal-1)" [_thread_blocked, id=15696, stack(0x00000050ddd00000,0x00000050dde00000)]
  0x0000022619487800 JavaThread "File watcher server" daemon [_thread_in_native, id=19800, stack(0x00000050ddf00000,0x00000050de000000)]
  0x000002261948e000 JavaThread "File watcher consumer" daemon [_thread_blocked, id=16832, stack(0x00000050de000000,0x00000050de100000)]
  0x0000022619493800 JavaThread "Cache worker for execution history cache (C:\Users\Pro\.gradle\caches\7.0.2\executionHistory)" [_thread_blocked, id=20784, stack(0x00000050de400000,0x00000050de500000)]
  0x000002261948e800 JavaThread "jar transforms" [_thread_in_Java, id=6476, stack(0x00000050de500000,0x00000050de600000)]
  0x0000022619494800 JavaThread "jar transforms Thread 2" [_thread_in_Java, id=1928, stack(0x00000050de600000,0x00000050de700000)]
  0x0000022619490800 JavaThread "Cache worker for file content cache (C:\Users\Pro\.gradle\caches\7.0.2\fileContent)" [_thread_blocked, id=20948, stack(0x00000050de700000,0x00000050de800000)]
  0x0000022619caa800 JavaThread "jar transforms Thread 3" [_thread_in_native, id=18396, stack(0x00000050de900000,0x00000050dea00000)]
  0x0000022619ca7000 JavaThread "jar transforms Thread 4" [_thread_in_native, id=20676, stack(0x00000050def00000,0x00000050df000000)]
  0x0000022619cad800 JavaThread "Memory manager" [_thread_blocked, id=20464, stack(0x00000050df000000,0x00000050df100000)]
  0x0000022619ca8800 JavaThread "pool-3-thread-1" [_thread_blocked, id=4836, stack(0x00000050df200000,0x00000050df300000)]
  0x0000022619491000 JavaThread "pool-6-thread-1" [_thread_blocked, id=17668, stack(0x00000050dee00000,0x00000050def00000)]
  0x000002261948a800 JavaThread "pool-9-thread-1" [_thread_blocked, id=5204, stack(0x00000050ded00000,0x00000050dee00000)]
  0x0000022617368000 JavaThread "RMI Scheduler(0)" daemon [_thread_blocked, id=17852, stack(0x00000050dfe00000,0x00000050dff00000)]
  0x0000022617363800 JavaThread "RMI GC Daemon" daemon [_thread_blocked, id=21440, stack(0x00000050e0000000,0x00000050e0100000)]
  0x000002261736e000 JavaThread "RMI TCP Accept-0" daemon [_thread_in_native, id=21216, stack(0x00000050e0100000,0x00000050e0200000)]
  0x000002261736a800 JavaThread "RMI Reaper" [_thread_blocked, id=9812, stack(0x00000050e0200000,0x00000050e0300000)]
  0x000002261736e800 JavaThread "Cache worker for Java compile cache (C:\Users\Pro\.gradle\caches\7.0.2\javaCompile)" [_thread_blocked, id=17692, stack(0x00000050e0400000,0x00000050e0500000)]
  0x000002261736c800 JavaThread "ForkJoinPool.commonPool-worker-7" daemon [_thread_blocked, id=7956, stack(0x00000050e0700000,0x00000050e0800000)]
  0x0000022617367800 JavaThread "pool-14-thread-1" [_thread_blocked, id=16772, stack(0x00000050df300000,0x00000050df400000)]
  0x0000022619cb4000 JavaThread "pool-17-thread-1" [_thread_blocked, id=7512, stack(0x00000050df400000,0x00000050df500000)]
  0x0000022619cb1000 JavaThread "pool-20-thread-1" [_thread_blocked, id=5316, stack(0x00000050df100000,0x00000050df200000)]
  0x0000022619ca6800 JavaThread "Daemon Thread 3" [_thread_blocked, id=11972, stack(0x00000050dba00000,0x00000050dbb00000)]
  0x0000022619cae800 JavaThread "Daemon worker Thread 3" [_thread_blocked, id=7564, stack(0x00000050dd200000,0x00000050dd300000)]
  0x0000022617369000 JavaThread "pool-23-thread-1" [_thread_blocked, id=5604, stack(0x00000050df500000,0x00000050df600000)]
  0x0000022619496000 JavaThread "RMI TCP Connection(idle)" daemon [_thread_blocked, id=916, stack(0x00000050e0600000,0x00000050e0700000)]
  0x0000022617e9f000 JavaThread "ForkJoinPool.commonPool-worker-1" daemon [_thread_blocked, id=20696, stack(0x00000050e0900000,0x00000050e0a00000)]
  0x0000022617e9d800 JavaThread "ForkJoinPool.commonPool-worker-3" daemon [_thread_blocked, id=18680, stack(0x00000050e0a00000,0x00000050e0b00000)]
  0x0000022617ea3800 JavaThread "Handler for socket connection from /127.0.0.1:56398 to /127.0.0.1:63157" [_thread_in_native, id=14224, stack(0x00000050dbb00000,0x00000050dbc00000)]
  0x0000022617ea0000 JavaThread "Cancel handler" [_thread_blocked, id=17752, stack(0x00000050dbc00000,0x00000050dbd00000)]
  0x0000022617ea1000 JavaThread "Asynchronous log dispatcher for DefaultDaemonConnection: socket connection from /127.0.0.1:56398 to /127.0.0.1:63157" [_thread_blocked, id=13800, stack(0x00000050dd300000,0x00000050dd400000)]
  0x0000022617ea4000 JavaThread "Stdin handler" [_thread_blocked, id=15340, stack(0x00000050dd400000,0x00000050dd500000)]
  0x0000022617ea2800 JavaThread "Daemon client event forwarder" [_thread_blocked, id=2528, stack(0x00000050dd500000,0x00000050dd600000)]
  0x0000022617e9e800 JavaThread "Cache worker for file hash cache (D:\MoveActivitity\.gradle\7.0.2\fileHashes)" [_thread_blocked, id=21104, stack(0x00000050dd600000,0x00000050dd700000)]
  0x0000022617ea1800 JavaThread "Cache worker for checksums cache (D:\MoveActivitity\.gradle\checksums)" [_thread_blocked, id=16476, stack(0x00000050dd700000,0x00000050dd800000)]
  0x0000022617361800 JavaThread "Cache worker for cache directory md-supplier (C:\Users\Pro\.gradle\caches\7.0.2\md-supplier)" [_thread_blocked, id=18080, stack(0x00000050dd800000,0x00000050dd900000)]
  0x0000022617364000 JavaThread "Cache worker for cache directory md-rule (C:\Users\Pro\.gradle\caches\7.0.2\md-rule)" [_thread_blocked, id=7868, stack(0x00000050dde00000,0x00000050ddf00000)]
  0x0000022617362800 JavaThread "Cache worker for dependencies-accessors (D:\MoveActivitity\.gradle\7.0.2\dependencies-accessors)" [_thread_blocked, id=13464, stack(0x00000050de100000,0x00000050de200000)]
  0x0000022617365800 JavaThread "Cache worker for Build Output Cleanup Cache (D:\MoveActivitity\.gradle\buildOutputCleanup)" [_thread_blocked, id=21120, stack(0x00000050de200000,0x00000050de300000)]
  0x0000022617365000 JavaThread "Build operations" [_thread_blocked, id=19108, stack(0x00000050de300000,0x00000050de400000)]
  0x000002261736a000 JavaThread "Build operations Thread 2" [_thread_blocked, id=16532, stack(0x00000050de800000,0x00000050de900000)]
  0x000002261736b800 JavaThread "Build operations Thread 3" [_thread_blocked, id=2688, stack(0x00000050dea00000,0x00000050deb00000)]
  0x0000022617366800 JavaThread "Build operations Thread 4" [_thread_blocked, id=848, stack(0x00000050deb00000,0x00000050dec00000)]

Other Threads:
  0x0000022616537800 VMThread "VM Thread" [stack: 0x00000050dc300000,0x00000050dc400000] [id=13104]
  0x0000022617043800 WatcherThread [stack: 0x00000050dcd00000,0x00000050dce00000] [id=11472]
  0x000002267aa12800 GCTaskThread "GC Thread#0" [stack: 0x00000050dbe00000,0x00000050dbf00000] [id=15216]
  0x0000022617987000 GCTaskThread "GC Thread#1" [stack: 0x00000050dce00000,0x00000050dcf00000] [id=11316]
  0x000002261780b000 GCTaskThread "GC Thread#2" [stack: 0x00000050dd900000,0x00000050dda00000] [id=5700]
  0x00000226195e4000 GCTaskThread "GC Thread#3" [stack: 0x00000050dda00000,0x00000050ddb00000] [id=20260]
  0x000002267aa44800 ConcurrentGCThread "G1 Main Marker" [stack: 0x00000050dbf00000,0x00000050dc000000] [id=2704]
  0x000002267aa47000 ConcurrentGCThread "G1 Conc#0" [stack: 0x00000050dc000000,0x00000050dc100000] [id=11808]
  0x000002267aaa1000 ConcurrentGCThread "G1 Refine#0" [stack: 0x00000050dc100000,0x00000050dc200000] [id=20520]
  0x000002267aaa2000 ConcurrentGCThread "G1 Young RemSet Sampling" [stack: 0x00000050dc200000,0x00000050dc300000] [id=9888]

Threads with active compile tasks:
C2 CompilerThread01518520 22294       4       org.gradle.api.internal.artifacts.ivyservice.resolveengine.graph.builder.DependencyGraphBuilder::resolveEdges (43 bytes)

VM state:not at safepoint (normal execution)

VM Mutex/Monitor currently owned by a thread: None

Heap address: 0x0000000080000000, size: 2048 MB, Compressed Oops mode: 32-bit
Narrow klass base: 0x0000000000000000, Narrow klass shift: 3
Compressed class space size: 1073741824 Address: 0x0000000100000000

Heap:
 garbage-first heap   total 231424K, used 146432K [0x0000000080000000, 0x0000000100000000)
  region size 1024K, 7 young (7168K), 2 survivors (2048K)
 Metaspace       used 140440K, capacity 145032K, committed 145228K, reserved 1175552K
  class space    used 17661K, capacity 19306K, committed 19328K, reserved 1048576K
Heap Regions: E=young(eden), S=young(survivor), O=old, HS=humongous(starts), HC=humongous(continues), CS=collection set, F=free, A=archive, TAMS=top-at-mark-start (previous, next)
|   0|0x0000000080000000, 0x0000000080100000, 0x0000000080100000|100%| O|  |TAMS 0x0000000080100000, 0x0000000080000000| Untracked 
|   1|0x0000000080100000, 0x0000000080200000, 0x0000000080200000|100%| O|  |TAMS 0x0000000080200000, 0x0000000080100000| Untracked 
|   2|0x0000000080200000, 0x0000000080300000, 0x0000000080300000|100%| O|  |TAMS 0x0000000080300000, 0x0000000080200000| Untracked 
|   3|0x0000000080300000, 0x0000000080400000, 0x0000000080400000|100%|HS|  |TAMS 0x0000000080400000, 0x0000000080300000| Complete 
|   4|0x0000000080400000, 0x0000000080500000, 0x0000000080500000|100%|HC|  |TAMS 0x0000000080500000, 0x0000000080400000| Complete 
|   5|0x0000000080500000, 0x0000000080600000, 0x0000000080600000|100%|HC|  |TAMS 0x0000000080600000, 0x0000000080500000| Complete 
|   6|0x0000000080600000, 0x0000000080700000, 0x0000000080700000|100%| O|  |TAMS 0x0000000080700000, 0x0000000080600000| Untracked 
|   7|0x0000000080700000, 0x0000000080800000, 0x0000000080800000|100%| O|  |TAMS 0x0000000080800000, 0x0000000080700000| Untracked 
|   8|0x0000000080800000, 0x0000000080900000, 0x0000000080900000|100%| O|  |TAMS 0x0000000080900000, 0x0000000080800000| Complete 
|   9|0x0000000080900000, 0x0000000080a00000, 0x0000000080a00000|100%| O|  |TAMS 0x0000000080a00000, 0x0000000080900000| Untracked 
|  10|0x0000000080a00000, 0x0000000080b00000, 0x0000000080b00000|100%| O|  |TAMS 0x0000000080b00000, 0x0000000080a00000| Untracked 
|  11|0x0000000080b00000, 0x0000000080c00000, 0x0000000080c00000|100%| O|  |TAMS 0x0000000080c00000, 0x0000000080b00000| Untracked 
|  12|0x0000000080c00000, 0x0000000080d00000, 0x0000000080d00000|100%| O|  |TAMS 0x0000000080d00000, 0x0000000080c00000| Untracked 
|  13|0x0000000080d00000, 0x0000000080e00000, 0x0000000080e00000|100%| O|  |TAMS 0x0000000080e00000, 0x0000000080d00000| Untracked 
|  14|0x0000000080e00000, 0x0000000080f00000, 0x0000000080f00000|100%| O|  |TAMS 0x0000000080f00000, 0x0000000080e00000| Complete 
|  15|0x0000000080f00000, 0x0000000081000000, 0x0000000081000000|100%| O|  |TAMS 0x0000000081000000, 0x0000000080f00000| Complete 
|  16|0x0000000081000000, 0x0000000081100000, 0x0000000081100000|100%| O|  |TAMS 0x0000000081100000, 0x0000000081000000| Complete 
|  17|0x0000000081100000, 0x0000000081200000, 0x0000000081200000|100%| O|  |TAMS 0x0000000081200000, 0x0000000081100000| Untracked 
|  18|0x0000000081200000, 0x0000000081300000, 0x0000000081300000|100%| O|  |TAMS 0x0000000081300000, 0x0000000081200000| Complete 
|  19|0x0000000081300000, 0x0000000081400000, 0x0000000081400000|100%| O|  |TAMS 0x0000000081400000, 0x0000000081300000| Untracked 
|  20|0x0000000081400000, 0x0000000081500000, 0x0000000081500000|100%| O|  |TAMS 0x0000000081500000, 0x0000000081400000| Complete 
|  21|0x0000000081500000, 0x0000000081600000, 0x0000000081600000|100%| O|  |TAMS 0x0000000081600000, 0x0000000081500000| Complete 
|  22|0x0000000081600000, 0x0000000081700000, 0x0000000081700000|100%| O|  |TAMS 0x0000000081700000, 0x0000000081600000| Untracked 
|  23|0x0000000081700000, 0x0000000081800000, 0x0000000081800000|100%| O|  |TAMS 0x0000000081800000, 0x0000000081700000| Untracked 
|  24|0x0000000081800000, 0x0000000081900000, 0x0000000081900000|100%| O|  |TAMS 0x0000000081900000, 0x0000000081800000| Complete 
|  25|0x0000000081900000, 0x0000000081a00000, 0x0000000081a00000|100%| O|  |TAMS 0x0000000081a00000, 0x0000000081900000| Untracked 
|  26|0x0000000081a00000, 0x0000000081b00000, 0x0000000081b00000|100%| O|  |TAMS 0x0000000081b00000, 0x0000000081a00000| Untracked 
|  27|0x0000000081b00000, 0x0000000081c00000, 0x0000000081c00000|100%| O|  |TAMS 0x0000000081c00000, 0x0000000081b00000| Untracked 
|  28|0x0000000081c00000, 0x0000000081d00000, 0x0000000081d00000|100%|HS|  |TAMS 0x0000000081d00000, 0x0000000081c00000| Complete 
|  29|0x0000000081d00000, 0x0000000081e00000, 0x0000000081e00000|100%|HS|  |TAMS 0x0000000081e00000, 0x0000000081d00000| Complete 
|  30|0x0000000081e00000, 0x0000000081f00000, 0x0000000081f00000|100%|HS|  |TAMS 0x0000000081f00000, 0x0000000081e00000| Complete 
|  31|0x0000000081f00000, 0x0000000082000000, 0x0000000082000000|100%|HS|  |TAMS 0x0000000082000000, 0x0000000081f00000| Complete 
|  32|0x0000000082000000, 0x0000000082100000, 0x0000000082100000|100%|HC|  |TAMS 0x0000000082100000, 0x0000000082000000| Complete 
|  33|0x0000000082100000, 0x0000000082200000, 0x0000000082200000|100%|HC|  |TAMS 0x0000000082200000, 0x0000000082100000| Complete 
|  34|0x0000000082200000, 0x0000000082300000, 0x0000000082300000|100%| O|  |TAMS 0x0000000082300000, 0x0000000082200000| Complete 
|  35|0x0000000082300000, 0x0000000082400000, 0x0000000082400000|100%| O|  |TAMS 0x0000000082400000, 0x0000000082300000| Untracked 
|  36|0x0000000082400000, 0x0000000082500000, 0x0000000082500000|100%| O|  |TAMS 0x0000000082500000, 0x0000000082400000| Complete 
|  37|0x0000000082500000, 0x0000000082600000, 0x0000000082600000|100%| O|  |TAMS 0x0000000082600000, 0x0000000082500000| Untracked 
|  38|0x0000000082600000, 0x0000000082700000, 0x0000000082700000|100%|HS|  |TAMS 0x0000000082700000, 0x0000000082600000| Complete 
|  39|0x0000000082700000, 0x0000000082800000, 0x0000000082800000|100%|HC|  |TAMS 0x0000000082800000, 0x0000000082700000| Complete 
|  40|0x0000000082800000, 0x0000000082900000, 0x0000000082900000|100%| O|  |TAMS 0x0000000082900000, 0x0000000082800000| Untracked 
|  41|0x0000000082900000, 0x0000000082a00000, 0x0000000082a00000|100%| O|  |TAMS 0x0000000082a00000, 0x0000000082900000| Complete 
|  42|0x0000000082a00000, 0x0000000082b00000, 0x0000000082b00000|100%| O|  |TAMS 0x0000000082b00000, 0x0000000082a00000| Untracked 
|  43|0x0000000082b00000, 0x0000000082c00000, 0x0000000082c00000|100%| O|  |TAMS 0x0000000082c00000, 0x0000000082b00000| Complete 
|  44|0x0000000082c00000, 0x0000000082d00000, 0x0000000082d00000|100%| O|  |TAMS 0x0000000082d00000, 0x0000000082c00000| Untracked 
|  45|0x0000000082d00000, 0x0000000082e00000, 0x0000000082e00000|100%| O|  |TAMS 0x0000000082e00000, 0x0000000082d00000| Untracked 
|  46|0x0000000082e00000, 0x0000000082f00000, 0x0000000082f00000|100%| O|  |TAMS 0x0000000082f00000, 0x0000000082e00000| Complete 
|  47|0x0000000082f00000, 0x0000000083000000, 0x0000000083000000|100%| O|  |TAMS 0x0000000083000000, 0x0000000082f00000| Complete 
|  48|0x0000000083000000, 0x0000000083000000, 0x0000000083100000|  0%| F|  |TAMS 0x0000000083000000, 0x0000000083000000| Untracked 
|  49|0x0000000083100000, 0x0000000083200000, 0x0000000083200000|100%| O|  |TAMS 0x0000000083200000, 0x0000000083100000| Untracked 
|  50|0x0000000083200000, 0x0000000083300000, 0x0000000083300000|100%| O|  |TAMS 0x0000000083300000, 0x0000000083200000| Untracked 
|  51|0x0000000083300000, 0x0000000083400000, 0x0000000083400000|100%| O|  |TAMS 0x0000000083400000, 0x0000000083300000| Untracked 
|  52|0x0000000083400000, 0x0000000083500000, 0x0000000083500000|100%| O|  |TAMS 0x0000000083500000, 0x0000000083400000| Complete 
|  53|0x0000000083500000, 0x0000000083600000, 0x0000000083600000|100%| O|  |TAMS 0x0000000083600000, 0x0000000083500000| Untracked 
|  54|0x0000000083600000, 0x0000000083700000, 0x0000000083700000|100%| O|  |TAMS 0x0000000083700000, 0x0000000083600000| Complete 
|  55|0x0000000083700000, 0x0000000083800000, 0x0000000083800000|100%| O|  |TAMS 0x0000000083800000, 0x0000000083700000| Complete 
|  56|0x0000000083800000, 0x0000000083900000, 0x0000000083900000|100%| O|  |TAMS 0x0000000083900000, 0x0000000083800000| Untracked 
|  57|0x0000000083900000, 0x0000000083a00000, 0x0000000083a00000|100%| O|  |TAMS 0x0000000083a00000, 0x0000000083900000| Untracked 
|  58|0x0000000083a00000, 0x0000000083b00000, 0x0000000083b00000|100%| O|  |TAMS 0x0000000083b00000, 0x0000000083a00000| Complete 
|  59|0x0000000083b00000, 0x0000000083c00000, 0x0000000083c00000|100%| O|  |TAMS 0x0000000083c00000, 0x0000000083b00000| Untracked 
|  60|0x0000000083c00000, 0x0000000083d00000, 0x0000000083d00000|100%| O|  |TAMS 0x0000000083d00000, 0x0000000083c00000| Complete 
|  61|0x0000000083d00000, 0x0000000083e00000, 0x0000000083e00000|100%| O|  |TAMS 0x0000000083e00000, 0x0000000083d00000| Complete 
|  62|0x0000000083e00000, 0x0000000083f00000, 0x0000000083f00000|100%| O|  |TAMS 0x0000000083f00000, 0x0000000083e00000| Complete 
|  63|0x0000000083f00000, 0x0000000083f00000, 0x0000000084000000|  0%| F|  |TAMS 0x0000000083f00000, 0x0000000083f00000| Untracked 
|  64|0x0000000084000000, 0x0000000084100000, 0x0000000084100000|100%| O|  |TAMS 0x0000000084100000, 0x0000000084000000| Untracked 
|  65|0x0000000084100000, 0x0000000084200000, 0x0000000084200000|100%| O|  |TAMS 0x0000000084200000, 0x0000000084100000| Untracked 
|  66|0x0000000084200000, 0x0000000084300000, 0x0000000084300000|100%| O|  |TAMS 0x0000000084300000, 0x0000000084200000| Untracked 
|  67|0x0000000084300000, 0x0000000084400000, 0x0000000084400000|100%| O|  |TAMS 0x0000000084400000, 0x0000000084300000| Untracked 
|  68|0x0000000084400000, 0x0000000084500000, 0x0000000084500000|100%| O|  |TAMS 0x0000000084500000, 0x0000000084400000| Untracked 
|  69|0x0000000084500000, 0x0000000084600000, 0x0000000084600000|100%| O|  |TAMS 0x0000000084600000, 0x0000000084500000| Complete 
|  70|0x0000000084600000, 0x0000000084700000, 0x0000000084700000|100%| O|  |TAMS 0x0000000084700000, 0x0000000084600000| Complete 
|  71|0x0000000084700000, 0x0000000084800000, 0x0000000084800000|100%| O|  |TAMS 0x0000000084800000, 0x0000000084700000| Untracked 
|  72|0x0000000084800000, 0x0000000084900000, 0x0000000084900000|100%| O|  |TAMS 0x0000000084900000, 0x0000000084800000| Complete 
|  73|0x0000000084900000, 0x0000000084a00000, 0x0000000084a00000|100%| O|  |TAMS 0x0000000084a00000, 0x0000000084900000| Complete 
|  74|0x0000000084a00000, 0x0000000084b00000, 0x0000000084b00000|100%| O|  |TAMS 0x0000000084b00000, 0x0000000084a00000| Complete 
|  75|0x0000000084b00000, 0x0000000084c00000, 0x0000000084c00000|100%| O|  |TAMS 0x0000000084c00000, 0x0000000084b00000| Complete 
|  76|0x0000000084c00000, 0x0000000084d00000, 0x0000000084d00000|100%| O|  |TAMS 0x0000000084d00000, 0x0000000084c00000| Untracked 
|  77|0x0000000084d00000, 0x0000000084e00000, 0x0000000084e00000|100%| O|  |TAMS 0x0000000084e00000, 0x0000000084d00000| Untracked 
|  78|0x0000000084e00000, 0x0000000084e00000, 0x0000000084f00000|  0%| F|  |TAMS 0x0000000084e00000, 0x0000000084e00000| Untracked 
|  79|0x0000000084f00000, 0x0000000085000000, 0x0000000085000000|100%| O|  |TAMS 0x0000000085000000, 0x0000000084f00000| Complete 
|  80|0x0000000085000000, 0x0000000085000000, 0x0000000085100000|  0%| F|  |TAMS 0x0000000085000000, 0x0000000085000000| Untracked 
|  81|0x0000000085100000, 0x0000000085200000, 0x0000000085200000|100%| O|  |TAMS 0x0000000085200000, 0x0000000085100000| Untracked 
|  82|0x0000000085200000, 0x0000000085300000, 0x0000000085300000|100%| O|  |TAMS 0x0000000085300000, 0x0000000085200000| Complete 
|  83|0x0000000085300000, 0x0000000085300000, 0x0000000085400000|  0%| F|  |TAMS 0x0000000085300000, 0x0000000085300000| Untracked 
|  84|0x0000000085400000, 0x0000000085500000, 0x0000000085500000|100%| O|  |TAMS 0x0000000085500000, 0x0000000085400000| Complete 
|  85|0x0000000085500000, 0x0000000085600000, 0x0000000085600000|100%| O|  |TAMS 0x0000000085600000, 0x0000000085500000| Complete 
|  86|0x0000000085600000, 0x0000000085700000, 0x0000000085700000|100%| O|  |TAMS 0x0000000085700000, 0x0000000085600000| Untracked 
|  87|0x0000000085700000, 0x0000000085800000, 0x0000000085800000|100%| O|  |TAMS 0x0000000085800000, 0x0000000085700000| Complete 
|  88|0x0000000085800000, 0x0000000085900000, 0x0000000085900000|100%| O|  |TAMS 0x0000000085900000, 0x0000000085800000| Untracked 
|  89|0x0000000085900000, 0x0000000085a00000, 0x0000000085a00000|100%| O|  |TAMS 0x0000000085a00000, 0x0000000085900000| Untracked 
|  90|0x0000000085a00000, 0x0000000085b00000, 0x0000000085b00000|100%| O|  |TAMS 0x0000000085b00000, 0x0000000085a00000| Complete 
|  91|0x0000000085b00000, 0x0000000085c00000, 0x0000000085c00000|100%| O|  |TAMS 0x0000000085c00000, 0x0000000085b00000| Untracked 
|  92|0x0000000085c00000, 0x0000000085d00000, 0x0000000085d00000|100%| O|  |TAMS 0x0000000085d00000, 0x0000000085c00000| Untracked 
|  93|0x0000000085d00000, 0x0000000085e00000, 0x0000000085e00000|100%| O|  |TAMS 0x0000000085e00000, 0x0000000085d00000| Complete 
|  94|0x0000000085e00000, 0x0000000085f00000, 0x0000000085f00000|100%| O|  |TAMS 0x0000000085f00000, 0x0000000085e00000| Untracked 
|  95|0x0000000085f00000, 0x0000000086000000, 0x0000000086000000|100%| O|  |TAMS 0x0000000086000000, 0x0000000085f00000| Complete 
|  96|0x0000000086000000, 0x0000000086100000, 0x0000000086100000|100%| O|  |TAMS 0x0000000086100000, 0x0000000086000000| Complete 
|  97|0x0000000086100000, 0x0000000086200000, 0x0000000086200000|100%| O|  |TAMS 0x0000000086200000, 0x0000000086100000| Untracked 
|  98|0x0000000086200000, 0x0000000086300000, 0x0000000086300000|100%| O|  |TAMS 0x0000000086300000, 0x0000000086200000| Untracked 
|  99|0x0000000086300000, 0x0000000086400000, 0x0000000086400000|100%| O|  |TAMS 0x0000000086400000, 0x0000000086300000| Complete 
| 100|0x0000000086400000, 0x0000000086500000, 0x0000000086500000|100%| O|  |TAMS 0x0000000086500000, 0x0000000086400000| Untracked 
| 101|0x0000000086500000, 0x0000000086600000, 0x0000000086600000|100%| O|  |TAMS 0x0000000086600000, 0x0000000086500000| Complete 
| 102|0x0000000086600000, 0x0000000086700000, 0x0000000086700000|100%| O|  |TAMS 0x0000000086700000, 0x0000000086600000| Complete 
| 103|0x0000000086700000, 0x0000000086800000, 0x0000000086800000|100%|HS|  |TAMS 0x0000000086800000, 0x0000000086700000| Complete 
| 104|0x0000000086800000, 0x0000000086900000, 0x0000000086900000|100%|HC|  |TAMS 0x0000000086900000, 0x0000000086800000| Complete 
| 105|0x0000000086900000, 0x0000000086a00000, 0x0000000086a00000|100%|HC|  |TAMS 0x0000000086a00000, 0x0000000086900000| Complete 
| 106|0x0000000086a00000, 0x0000000086b00000, 0x0000000086b00000|100%| O|  |TAMS 0x0000000086b00000, 0x0000000086a00000| Complete 
| 107|0x0000000086b00000, 0x0000000086c00000, 0x0000000086c00000|100%| O|  |TAMS 0x0000000086c00000, 0x0000000086b00000| Untracked 
| 108|0x0000000086c00000, 0x0000000086d00000, 0x0000000086d00000|100%|HS|  |TAMS 0x0000000086d00000, 0x0000000086c00000| Complete 
| 109|0x0000000086d00000, 0x0000000086e00000, 0x0000000086e00000|100%|HC|  |TAMS 0x0000000086e00000, 0x0000000086d00000| Complete 
| 110|0x0000000086e00000, 0x0000000086f00000, 0x0000000086f00000|100%|HC|  |TAMS 0x0000000086f00000, 0x0000000086e00000| Complete 
| 111|0x0000000086f00000, 0x0000000087000000, 0x0000000087000000|100%|HC|  |TAMS 0x0000000087000000, 0x0000000086f00000| Complete 
| 112|0x0000000087000000, 0x0000000087100000, 0x0000000087100000|100%|HC|  |TAMS 0x0000000087100000, 0x0000000087000000| Complete 
| 113|0x0000000087100000, 0x0000000087200000, 0x0000000087200000|100%| O|  |TAMS 0x0000000087200000, 0x0000000087100000| Complete 
| 114|0x0000000087200000, 0x0000000087300000, 0x0000000087300000|100%| O|  |TAMS 0x0000000087300000, 0x0000000087200000| Complete 
| 115|0x0000000087300000, 0x0000000087300000, 0x0000000087400000|  0%| F|  |TAMS 0x0000000087300000, 0x0000000087300000| Untracked 
| 116|0x0000000087400000, 0x0000000087500000, 0x0000000087500000|100%|HS|  |TAMS 0x0000000087500000, 0x0000000087400000| Complete 
| 117|0x0000000087500000, 0x0000000087600000, 0x0000000087600000|100%|HC|  |TAMS 0x0000000087600000, 0x0000000087500000| Complete 
| 118|0x0000000087600000, 0x0000000087700000, 0x0000000087700000|100%|HC|  |TAMS 0x0000000087700000, 0x0000000087600000| Complete 
| 119|0x0000000087700000, 0x0000000087800000, 0x0000000087800000|100%|HS|  |TAMS 0x0000000087800000, 0x0000000087700000| Complete 
| 120|0x0000000087800000, 0x0000000087900000, 0x0000000087900000|100%|HC|  |TAMS 0x0000000087900000, 0x0000000087800000| Complete 
| 121|0x0000000087900000, 0x0000000087a00000, 0x0000000087a00000|100%|HC|  |TAMS 0x0000000087a00000, 0x0000000087900000| Complete 
| 122|0x0000000087a00000, 0x0000000087b00000, 0x0000000087b00000|100%|HC|  |TAMS 0x0000000087b00000, 0x0000000087a00000| Complete 
| 123|0x0000000087b00000, 0x0000000087c00000, 0x0000000087c00000|100%|HC|  |TAMS 0x0000000087c00000, 0x0000000087b00000| Complete 
| 124|0x0000000087c00000, 0x0000000087d00000, 0x0000000087d00000|100%| O|  |TAMS 0x0000000087d00000, 0x0000000087c00000| Complete 
| 125|0x0000000087d00000, 0x0000000087e00000, 0x0000000087e00000|100%| O|  |TAMS 0x0000000087e00000, 0x0000000087d00000| Complete 
| 126|0x0000000087e00000, 0x0000000087f00000, 0x0000000087f00000|100%| O|  |TAMS 0x0000000087f00000, 0x0000000087e00000| Untracked 
| 127|0x0000000087f00000, 0x0000000088000000, 0x0000000088000000|100%| O|  |TAMS 0x0000000088000000, 0x0000000087f00000| Untracked 
| 128|0x0000000088000000, 0x0000000088000000, 0x0000000088100000|  0%| F|  |TAMS 0x0000000088000000, 0x0000000088000000| Untracked 
| 129|0x0000000088100000, 0x0000000088100000, 0x0000000088200000|  0%| F|  |TAMS 0x0000000088100000, 0x0000000088100000| Untracked 
| 130|0x0000000088200000, 0x0000000088300000, 0x0000000088300000|100%|HS|  |TAMS 0x0000000088300000, 0x0000000088200000| Complete 
| 131|0x0000000088300000, 0x0000000088400000, 0x0000000088400000|100%|HC|  |TAMS 0x0000000088400000, 0x0000000088300000| Complete 
| 132|0x0000000088400000, 0x0000000088400000, 0x0000000088500000|  0%| F|  |TAMS 0x0000000088400000, 0x0000000088400000| Untracked 
| 133|0x0000000088500000, 0x0000000088600000, 0x0000000088600000|100%| O|  |TAMS 0x0000000088500000, 0x0000000088500000| Untracked 
| 134|0x0000000088600000, 0x0000000088700000, 0x0000000088700000|100%| O|  |TAMS 0x0000000088600000, 0x0000000088600000| Untracked 
| 135|0x0000000088700000, 0x0000000088700000, 0x0000000088800000|  0%| F|  |TAMS 0x0000000088700000, 0x0000000088700000| Untracked 
| 136|0x0000000088800000, 0x0000000088800000, 0x0000000088900000|  0%| F|  |TAMS 0x0000000088800000, 0x0000000088800000| Untracked 
| 137|0x0000000088900000, 0x0000000088900000, 0x0000000088a00000|  0%| F|  |TAMS 0x0000000088900000, 0x0000000088900000| Untracked 
| 138|0x0000000088a00000, 0x0000000088b00000, 0x0000000088b00000|100%| O|  |TAMS 0x0000000088a00000, 0x0000000088a00000| Untracked 
| 139|0x0000000088b00000, 0x0000000088b00000, 0x0000000088c00000|  0%| F|  |TAMS 0x0000000088b00000, 0x0000000088b00000| Untracked 
| 140|0x0000000088c00000, 0x0000000088d00000, 0x0000000088d00000|100%| O|  |TAMS 0x0000000088d00000, 0x0000000088c00000| Complete 
| 141|0x0000000088d00000, 0x0000000088d00000, 0x0000000088e00000|  0%| F|  |TAMS 0x0000000088d00000, 0x0000000088d00000| Untracked 
| 142|0x0000000088e00000, 0x0000000088e00000, 0x0000000088f00000|  0%| F|  |TAMS 0x0000000088e00000, 0x0000000088e00000| Untracked 
| 143|0x0000000088f00000, 0x0000000089000000, 0x0000000089000000|100%| O|  |TAMS 0x0000000089000000, 0x0000000088f00000| Complete 
| 144|0x0000000089000000, 0x0000000089000000, 0x0000000089100000|  0%| F|  |TAMS 0x0000000089000000, 0x0000000089000000| Untracked 
| 145|0x0000000089100000, 0x0000000089100000, 0x0000000089200000|  0%| F|  |TAMS 0x0000000089100000, 0x0000000089100000| Untracked 
| 146|0x0000000089200000, 0x0000000089200000, 0x0000000089300000|  0%| F|  |TAMS 0x0000000089200000, 0x0000000089200000| Untracked 
| 147|0x0000000089300000, 0x0000000089300000, 0x0000000089400000|  0%| F|  |TAMS 0x0000000089300000, 0x0000000089300000| Untracked 
| 148|0x0000000089400000, 0x0000000089400000, 0x0000000089500000|  0%| F|  |TAMS 0x0000000089400000, 0x0000000089400000| Untracked 
| 149|0x0000000089500000, 0x0000000089500000, 0x0000000089600000|  0%| F|  |TAMS 0x0000000089500000, 0x0000000089500000| Untracked 
| 150|0x0000000089600000, 0x0000000089600000, 0x0000000089700000|  0%| F|  |TAMS 0x0000000089600000, 0x0000000089600000| Untracked 
| 151|0x0000000089700000, 0x0000000089700000, 0x0000000089800000|  0%| F|  |TAMS 0x0000000089700000, 0x0000000089700000| Untracked 
| 152|0x0000000089800000, 0x0000000089800000, 0x0000000089900000|  0%| F|  |TAMS 0x0000000089800000, 0x0000000089800000| Untracked 
| 153|0x0000000089900000, 0x0000000089a00000, 0x0000000089a00000|100%| O|  |TAMS 0x0000000089a00000, 0x0000000089900000| Untracked 
| 154|0x0000000089a00000, 0x0000000089b00000, 0x0000000089b00000|100%| O|  |TAMS 0x0000000089b00000, 0x0000000089a00000| Untracked 
| 155|0x0000000089b00000, 0x0000000089c00000, 0x0000000089c00000|100%| O|  |TAMS 0x0000000089c00000, 0x0000000089b00000| Untracked 
| 156|0x0000000089c00000, 0x0000000089d00000, 0x0000000089d00000|100%| O|  |TAMS 0x0000000089cf6a00, 0x0000000089c00000| Untracked 
| 157|0x0000000089d00000, 0x0000000089d00000, 0x0000000089e00000|  0%| F|  |TAMS 0x0000000089d00000, 0x0000000089d00000| Untracked 
| 158|0x0000000089e00000, 0x0000000089e00000, 0x0000000089f00000|  0%| F|  |TAMS 0x0000000089e00000, 0x0000000089e00000| Untracked 
| 159|0x0000000089f00000, 0x0000000089f00000, 0x000000008a000000|  0%| F|  |TAMS 0x0000000089f00000, 0x0000000089f00000| Untracked 
| 160|0x000000008a000000, 0x000000008a000000, 0x000000008a100000|  0%| F|  |TAMS 0x000000008a000000, 0x000000008a000000| Untracked 
| 161|0x000000008a100000, 0x000000008a100000, 0x000000008a200000|  0%| F|  |TAMS 0x000000008a100000, 0x000000008a100000| Untracked 
| 162|0x000000008a200000, 0x000000008a300000, 0x000000008a300000|100%| O|  |TAMS 0x000000008a300000, 0x000000008a200000| Untracked 
| 163|0x000000008a300000, 0x000000008a400000, 0x000000008a400000|100%| O|  |TAMS 0x000000008a400000, 0x000000008a300000| Untracked 
| 164|0x000000008a400000, 0x000000008a500000, 0x000000008a500000|100%| O|  |TAMS 0x000000008a500000, 0x000000008a400000| Complete 
| 165|0x000000008a500000, 0x000000008a600000, 0x000000008a600000|100%| O|  |TAMS 0x000000008a600000, 0x000000008a500000| Complete 
| 166|0x000000008a600000, 0x000000008a600000, 0x000000008a700000|  0%| F|  |TAMS 0x000000008a600000, 0x000000008a600000| Untracked 
| 167|0x000000008a700000, 0x000000008a700000, 0x000000008a800000|  0%| F|  |TAMS 0x000000008a700000, 0x000000008a700000| Untracked 
| 168|0x000000008a800000, 0x000000008a800000, 0x000000008a900000|  0%| F|  |TAMS 0x000000008a800000, 0x000000008a800000| Untracked 
| 169|0x000000008a900000, 0x000000008a900000, 0x000000008aa00000|  0%| F|  |TAMS 0x000000008a900000, 0x000000008a900000| Untracked 
| 170|0x000000008aa00000, 0x000000008aa00000, 0x000000008ab00000|  0%| F|  |TAMS 0x000000008aa00000, 0x000000008aa00000| Untracked 
| 171|0x000000008ab00000, 0x000000008ab00000, 0x000000008ac00000|  0%| F|  |TAMS 0x000000008ab00000, 0x000000008ab00000| Untracked 
| 172|0x000000008ac00000, 0x000000008ac00000, 0x000000008ad00000|  0%| F|  |TAMS 0x000000008ac00000, 0x000000008ac00000| Untracked 
| 173|0x000000008ad00000, 0x000000008ad00000, 0x000000008ae00000|  0%| F|  |TAMS 0x000000008ad00000, 0x000000008ad00000| Untracked 
| 174|0x000000008ae00000, 0x000000008ae00000, 0x000000008af00000|  0%| F|  |TAMS 0x000000008ae00000, 0x000000008ae00000| Untracked 
| 175|0x000000008af00000, 0x000000008af00000, 0x000000008b000000|  0%| F|  |TAMS 0x000000008af00000, 0x000000008af00000| Untracked 
| 176|0x000000008b000000, 0x000000008b000000, 0x000000008b100000|  0%| F|  |TAMS 0x000000008b000000, 0x000000008b000000| Untracked 
| 177|0x000000008b100000, 0x000000008b100000, 0x000000008b200000|  0%| F|  |TAMS 0x000000008b100000, 0x000000008b100000| Untracked 
| 178|0x000000008b200000, 0x000000008b200000, 0x000000008b300000|  0%| F|  |TAMS 0x000000008b200000, 0x000000008b200000| Untracked 
| 179|0x000000008b300000, 0x000000008b300000, 0x000000008b400000|  0%| F|  |TAMS 0x000000008b300000, 0x000000008b300000| Untracked 
| 180|0x000000008b400000, 0x000000008b400000, 0x000000008b500000|  0%| F|  |TAMS 0x000000008b400000, 0x000000008b400000| Untracked 
| 181|0x000000008b500000, 0x000000008b500000, 0x000000008b600000|  0%| F|  |TAMS 0x000000008b500000, 0x000000008b500000| Untracked 
| 182|0x000000008b600000, 0x000000008b600000, 0x000000008b700000|  0%| F|  |TAMS 0x000000008b600000, 0x000000008b600000| Untracked 
| 183|0x000000008b700000, 0x000000008b700000, 0x000000008b800000|  0%| F|  |TAMS 0x000000008b700000, 0x000000008b700000| Untracked 
| 184|0x000000008b800000, 0x000000008b800000, 0x000000008b900000|  0%| F|  |TAMS 0x000000008b800000, 0x000000008b800000| Untracked 
| 185|0x000000008b900000, 0x000000008b900000, 0x000000008ba00000|  0%| F|  |TAMS 0x000000008b900000, 0x000000008b900000| Untracked 
| 186|0x000000008ba00000, 0x000000008ba00000, 0x000000008bb00000|  0%| F|  |TAMS 0x000000008ba00000, 0x000000008ba00000| Untracked 
| 187|0x000000008bb00000, 0x000000008bb00000, 0x000000008bc00000|  0%| F|  |TAMS 0x000000008bb00000, 0x000000008bb00000| Untracked 
| 188|0x000000008bc00000, 0x000000008bc00000, 0x000000008bd00000|  0%| F|  |TAMS 0x000000008bc00000, 0x000000008bc00000| Untracked 
| 189|0x000000008bd00000, 0x000000008bd00000, 0x000000008be00000|  0%| F|  |TAMS 0x000000008bd00000, 0x000000008bd00000| Untracked 
| 190|0x000000008be00000, 0x000000008be00000, 0x000000008bf00000|  0%| F|  |TAMS 0x000000008be00000, 0x000000008be00000| Untracked 
| 191|0x000000008bf00000, 0x000000008bf00000, 0x000000008c000000|  0%| F|  |TAMS 0x000000008bf00000, 0x000000008bf00000| Untracked 
| 192|0x000000008c000000, 0x000000008c000000, 0x000000008c100000|  0%| F|  |TAMS 0x000000008c000000, 0x000000008c000000| Untracked 
| 193|0x000000008c100000, 0x000000008c100000, 0x000000008c200000|  0%| F|  |TAMS 0x000000008c100000, 0x000000008c100000| Untracked 
| 194|0x000000008c200000, 0x000000008c200000, 0x000000008c300000|  0%| F|  |TAMS 0x000000008c200000, 0x000000008c200000| Untracked 
| 195|0x000000008c300000, 0x000000008c300000, 0x000000008c400000|  0%| F|  |TAMS 0x000000008c300000, 0x000000008c300000| Untracked 
| 196|0x000000008c400000, 0x000000008c400000, 0x000000008c500000|  0%| F|  |TAMS 0x000000008c400000, 0x000000008c400000| Untracked 
| 197|0x000000008c500000, 0x000000008c500000, 0x000000008c600000|  0%| F|  |TAMS 0x000000008c500000, 0x000000008c500000| Untracked 
| 198|0x000000008c600000, 0x000000008c600000, 0x000000008c700000|  0%| F|  |TAMS 0x000000008c600000, 0x000000008c600000| Untracked 
| 199|0x000000008c700000, 0x000000008c700000, 0x000000008c800000|  0%| F|  |TAMS 0x000000008c700000, 0x000000008c700000| Untracked 
| 200|0x000000008c800000, 0x000000008c800000, 0x000000008c900000|  0%| F|  |TAMS 0x000000008c800000, 0x000000008c800000| Untracked 
| 201|0x000000008c900000, 0x000000008c900000, 0x000000008ca00000|  0%| F|  |TAMS 0x000000008c900000, 0x000000008c900000| Untracked 
| 202|0x000000008ca00000, 0x000000008ca00000, 0x000000008cb00000|  0%| F|  |TAMS 0x000000008ca00000, 0x000000008ca00000| Untracked 
| 203|0x000000008cb00000, 0x000000008cb00000, 0x000000008cc00000|  0%| F|  |TAMS 0x000000008cb00000, 0x000000008cb00000| Untracked 
| 204|0x000000008cc00000, 0x000000008cc00000, 0x000000008cd00000|  0%| F|  |TAMS 0x000000008cc00000, 0x000000008cc00000| Untracked 
| 205|0x000000008cd00000, 0x000000008cd00000, 0x000000008ce00000|  0%| F|  |TAMS 0x000000008cd00000, 0x000000008cd00000| Untracked 
| 206|0x000000008ce00000, 0x000000008ce00000, 0x000000008cf00000|  0%| F|  |TAMS 0x000000008ce00000, 0x000000008ce00000| Untracked 
| 207|0x000000008cf00000, 0x000000008cf00000, 0x000000008d000000|  0%| F|  |TAMS 0x000000008cf00000, 0x000000008cf00000| Untracked 
| 208|0x000000008d000000, 0x000000008d000000, 0x000000008d100000|  0%| F|  |TAMS 0x000000008d000000, 0x000000008d000000| Untracked 
| 209|0x000000008d100000, 0x000000008d100000, 0x000000008d200000|  0%| F|  |TAMS 0x000000008d100000, 0x000000008d100000| Untracked 
| 210|0x000000008d200000, 0x000000008d200000, 0x000000008d300000|  0%| F|  |TAMS 0x000000008d200000, 0x000000008d200000| Untracked 
| 211|0x000000008d300000, 0x000000008d300000, 0x000000008d400000|  0%| F|  |TAMS 0x000000008d300000, 0x000000008d300000| Untracked 
| 212|0x000000008d400000, 0x000000008d400000, 0x000000008d500000|  0%| F|  |TAMS 0x000000008d400000, 0x000000008d400000| Untracked 
| 213|0x000000008d500000, 0x000000008d500000, 0x000000008d600000|  0%| F|  |TAMS 0x000000008d500000, 0x000000008d500000| Untracked 
| 214|0x000000008d600000, 0x000000008d700000, 0x000000008d700000|100%| S|CS|TAMS 0x000000008d600000, 0x000000008d600000| Complete 
| 215|0x000000008d700000, 0x000000008d800000, 0x000000008d800000|100%| S|CS|TAMS 0x000000008d700000, 0x000000008d700000| Complete 
| 216|0x000000008d800000, 0x000000008d800000, 0x000000008d900000|  0%| F|  |TAMS 0x000000008d800000, 0x000000008d800000| Untracked 
| 217|0x000000008d900000, 0x000000008d900000, 0x000000008da00000|  0%| F|  |TAMS 0x000000008d900000, 0x000000008d900000| Untracked 
| 218|0x000000008da00000, 0x000000008da00000, 0x000000008db00000|  0%| F|  |TAMS 0x000000008da00000, 0x000000008da00000| Untracked 
| 219|0x000000008db00000, 0x000000008db00000, 0x000000008dc00000|  0%| F|  |TAMS 0x000000008db00000, 0x000000008db00000| Untracked 
| 220|0x000000008dc00000, 0x000000008dc00000, 0x000000008dd00000|  0%| F|  |TAMS 0x000000008dc00000, 0x000000008dc00000| Untracked 
| 221|0x000000008dd00000, 0x000000008dda22b8, 0x000000008de00000| 63%| E|  |TAMS 0x000000008dd00000, 0x000000008dd00000| Complete 
| 222|0x000000008de00000, 0x000000008df00000, 0x000000008df00000|100%| E|CS|TAMS 0x000000008de00000, 0x000000008de00000| Complete 
| 223|0x000000008df00000, 0x000000008e000000, 0x000000008e000000|100%| E|CS|TAMS 0x000000008df00000, 0x000000008df00000| Complete 
| 224|0x000000008e000000, 0x000000008e100000, 0x000000008e100000|100%| E|CS|TAMS 0x000000008e000000, 0x000000008e000000| Complete 
| 225|0x000000008e100000, 0x000000008e200000, 0x000000008e200000|100%| E|CS|TAMS 0x000000008e100000, 0x000000008e100000| Complete 

Card table byte_map: [0x000002260f730000,0x000002260fb30000] _byte_map_base: 0x000002260f330000

Marking Bits (Prev, Next): (CMBitMap*) 0x000002267aa3bcc0, (CMBitMap*) 0x000002267aa3bc88
 Prev Bits: [0x0000022611f30000, 0x0000022613f30000)
 Next Bits: [0x000002260ff30000, 0x0000022611f30000)

Polling page: 0x000002267aae0000

Metaspace:

Usage:
  Non-class:    122.78 MB capacity,   119.90 MB ( 98%) used,     2.39 MB (  2%) free+waste,   494.38 KB ( <1%) overhead. 
      Class:     18.85 MB capacity,    17.25 MB ( 91%) used,     1.39 MB (  7%) free+waste,   223.31 KB (  1%) overhead. 
       Both:    141.63 MB capacity,   137.15 MB ( 97%) used,     3.78 MB (  3%) free+waste,   717.69 KB ( <1%) overhead. 

Virtual space:
  Non-class space:      124.00 MB reserved,     122.95 MB (>99%) committed 
      Class space:        1.00 GB reserved,      18.88 MB (  2%) committed 
             Both:        1.12 GB reserved,     141.82 MB ( 12%) committed 

Chunk freelists:
   Non-Class:  0 bytes
       Class:  0 bytes
        Both:  0 bytes

MaxMetaspaceSize: 17179869184.00 GB
CompressedClassSpaceSize: 1.00 GB

CodeHeap 'non-profiled nmethods': size=120064Kb used=12601Kb max_used=12601Kb free=107463Kb
 bounds [0x0000022607ac0000, 0x0000022608720000, 0x000002260f000000]
CodeHeap 'profiled nmethods': size=120000Kb used=45744Kb max_used=46885Kb free=74255Kb
 bounds [0x0000022600590000, 0x0000022603390000, 0x0000022607ac0000]
CodeHeap 'non-nmethods': size=5696Kb used=2392Kb max_used=2443Kb free=3304Kb
 bounds [0x0000022600000000, 0x0000022600280000, 0x0000022600590000]
 total_blobs=21273 nmethods=20235 adapters=949
 compilation: enabled
              stopped_count=0, restarted_count=0
 full_count=0

Compilation events (20 events):
Event: 1517.943 Thread 0x00000226165a1800 nmethod 22286 0x000002260804c390 code [0x000002260804c5c0, 0x000002260804d998]
Event: 1517.943 Thread 0x00000226165a1800 22287       4       org.gradle.internal.component.external.model.AbstractVariantBackedConfigurationMetadata::getAttributes (5 bytes)
Event: 1517.945 Thread 0x00000226165a1800 nmethod 22287 0x0000022607fb2b90 code [0x0000022607fb2d40, 0x0000022607fb2e28]
Event: 1517.952 Thread 0x00000226165a1800 22288       4       org.gradle.api.internal.artifacts.ivyservice.resolveengine.graph.builder.ResolveState$$Lambda$424/0x0000000100600c40::<init> (20 bytes)
Event: 1517.955 Thread 0x00000226165a1800 nmethod 22288 0x0000022607fb2790 code [0x0000022607fb2920, 0x0000022607fb2b18]
Event: 1517.955 Thread 0x00000226165a1800 22289       4       org.gradle.api.internal.artifacts.ivyservice.modulecache.ModuleComponentAtRepositoryKey::<init> (31 bytes)
Event: 1517.967 Thread 0x00000226165a1800 nmethod 22289 0x0000022607fb1d90 code [0x0000022607fb1f60, 0x0000022607fb2448]
Event: 1517.969 Thread 0x00000226165a1800 22290       4       org.gradle.internal.component.external.model.maven.MavenDependencyDescriptor::getDependencyArtifacts (21 bytes)
Event: 1517.973 Thread 0x00000226165a1800 nmethod 22290 0x0000022608049690 code [0x0000022608049840, 0x0000022608049a18]
Event: 1517.973 Thread 0x00000226165a1800 22291       4       org.gradle.internal.component.external.model.ConfigurationBoundExternalDependencyMetadata::<init> (60 bytes)
Event: 1517.973 Thread 0x00000226165a6000 22292       3       org.gradle.api.internal.artifacts.ivyservice.resolveengine.graph.selectors.SelectorStateResolver::resolveConflicts (76 bytes)
Event: 1517.974 Thread 0x00000226165a6000 nmethod 22292 0x0000022600de7810 code [0x0000022600de7aa0, 0x0000022600de8638]
Event: 1517.981 Thread 0x00000226165a1800 nmethod 22291 0x0000022608048e90 code [0x0000022608049040, 0x0000022608049538]
Event: 1517.981 Thread 0x00000226165a1800 22293       4       org.gradle.internal.resolve.result.DefaultBuildableComponentIdResolveResult::getId (9 bytes)
Event: 1517.982 Thread 0x00000226165a1800 nmethod 22293 0x0000022608048b90 code [0x0000022608048d20, 0x0000022608048db8]
Event: 1517.993 Thread 0x00000226165a1800 22294       4       org.gradle.api.internal.artifacts.ivyservice.resolveengine.graph.builder.DependencyGraphBuilder::resolveEdges (43 bytes)
Event: 1518.145 Thread 0x00000226165a6000 22297       3       java.security.AccessController::getContext (23 bytes)
Event: 1518.146 Thread 0x00000226165a6000 nmethod 22297 0x0000022600d9de10 code [0x0000022600d9dfe0, 0x0000022600d9e298]
Event: 1518.146 Thread 0x00000226165a6000 22298       3       java.security.AccessControlContext::optimize (318 bytes)
Event: 1518.149 Thread 0x00000226165a6000 nmethod 22298 0x0000022600e5a090 code [0x0000022600e5a400, 0x0000022600e5b978]

GC Heap History (20 events):
Event: 1332.033 GC heap before
{Heap before GC invocations=108 (full 0):
 garbage-first heap   total 192512K, used 159011K [0x0000000080000000, 0x0000000100000000)
  region size 1024K, 28 young (28672K), 4 survivors (4096K)
 Metaspace       used 139118K, capacity 143381K, committed 143564K, reserved 1173504K
  class space    used 17541K, capacity 19086K, committed 19200K, reserved 1048576K
}
Event: 1332.075 GC heap after
{Heap after GC invocations=109 (full 0):
 garbage-first heap   total 192512K, used 138128K [0x0000000080000000, 0x0000000100000000)
  region size 1024K, 4 young (4096K), 4 survivors (4096K)
 Metaspace       used 139118K, capacity 143381K, committed 143564K, reserved 1173504K
  class space    used 17541K, capacity 19086K, committed 19200K, reserved 1048576K
}
Event: 1333.062 GC heap before
{Heap before GC invocations=109 (full 0):
 garbage-first heap   total 192512K, used 159632K [0x0000000080000000, 0x0000000100000000)
  region size 1024K, 26 young (26624K), 4 survivors (4096K)
 Metaspace       used 139590K, capacity 143977K, committed 144204K, reserved 1173504K
  class space    used 17607K, capacity 19210K, committed 19328K, reserved 1048576K
}
Event: 1333.096 GC heap after
{Heap after GC invocations=110 (full 0):
 garbage-first heap   total 231424K, used 140391K [0x0000000080000000, 0x0000000100000000)
  region size 1024K, 3 young (3072K), 3 survivors (3072K)
 Metaspace       used 139590K, capacity 143977K, committed 144204K, reserved 1173504K
  class space    used 17607K, capacity 19210K, committed 19328K, reserved 1048576K
}
Event: 1387.875 GC heap before
{Heap before GC invocations=110 (full 0):
 garbage-first heap   total 231424K, used 177255K [0x0000000080000000, 0x0000000100000000)
  region size 1024K, 40 young (40960K), 3 survivors (3072K)
 Metaspace       used 139830K, capacity 144316K, committed 144460K, reserved 1175552K
  class space    used 17625K, capacity 19242K, committed 19328K, reserved 1048576K
}
Event: 1387.931 GC heap after
{Heap after GC invocations=111 (full 0):
 garbage-first heap   total 231424K, used 143986K [0x0000000080000000, 0x0000000100000000)
  region size 1024K, 5 young (5120K), 5 survivors (5120K)
 Metaspace       used 139830K, capacity 144316K, committed 144460K, reserved 1175552K
  class space    used 17625K, capacity 19242K, committed 19328K, reserved 1048576K
}
Event: 1466.548 GC heap before
{Heap before GC invocations=111 (full 0):
 garbage-first heap   total 231424K, used 180850K [0x0000000080000000, 0x0000000100000000)
  region size 1024K, 42 young (43008K), 5 survivors (5120K)
 Metaspace       used 139994K, capacity 144494K, committed 144716K, reserved 1175552K
  class space    used 17632K, capacity 19253K, committed 19328K, reserved 1048576K
}
Event: 1466.700 GC heap after
{Heap after GC invocations=112 (full 0):
 garbage-first heap   total 231424K, used 148265K [0x0000000080000000, 0x0000000100000000)
  region size 1024K, 5 young (5120K), 5 survivors (5120K)
 Metaspace       used 139994K, capacity 144494K, committed 144716K, reserved 1175552K
  class space    used 17632K, capacity 19253K, committed 19328K, reserved 1048576K
}
Event: 1469.379 GC heap before
{Heap before GC invocations=112 (full 0):
 garbage-first heap   total 231424K, used 186153K [0x0000000080000000, 0x0000000100000000)
  region size 1024K, 41 young (41984K), 5 survivors (5120K)
 Metaspace       used 140190K, capacity 144763K, committed 144972K, reserved 1175552K
  class space    used 17652K, capacity 19289K, committed 19328K, reserved 1048576K
}
Event: 1469.414 GC heap after
{Heap after GC invocations=113 (full 0):
 garbage-first heap   total 231424K, used 156434K [0x0000000080000000, 0x0000000100000000)
  region size 1024K, 6 young (6144K), 6 survivors (6144K)
 Metaspace       used 140190K, capacity 144763K, committed 144972K, reserved 1175552K
  class space    used 17652K, capacity 19289K, committed 19328K, reserved 1048576K
}
Event: 1470.138 GC heap before
{Heap before GC invocations=113 (full 0):
 garbage-first heap   total 231424K, used 204562K [0x0000000080000000, 0x0000000100000000)
  region size 1024K, 39 young (39936K), 6 survivors (6144K)
 Metaspace       used 140243K, capacity 144829K, committed 144972K, reserved 1175552K
  class space    used 17652K, capacity 19289K, committed 19328K, reserved 1048576K
}
Event: 1470.190 GC heap after
{Heap after GC invocations=114 (full 0):
 garbage-first heap   total 231424K, used 167304K [0x0000000080000000, 0x0000000100000000)
  region size 1024K, 5 young (5120K), 5 survivors (5120K)
 Metaspace       used 140243K, capacity 144829K, committed 144972K, reserved 1175552K
  class space    used 17652K, capacity 19289K, committed 19328K, reserved 1048576K
}
Event: 1477.219 GC heap before
{Heap before GC invocations=114 (full 0):
 garbage-first heap   total 231424K, used 191880K [0x0000000080000000, 0x0000000100000000)
  region size 1024K, 30 young (30720K), 5 survivors (5120K)
 Metaspace       used 140286K, capacity 144832K, committed 144972K, reserved 1175552K
  class space    used 17652K, capacity 19289K, committed 19328K, reserved 1048576K
}
Event: 1477.243 GC heap after
{Heap after GC invocations=115 (full 0):
 garbage-first heap   total 231424K, used 173056K [0x0000000080000000, 0x0000000100000000)
  region size 1024K, 4 young (4096K), 4 survivors (4096K)
 Metaspace       used 140286K, capacity 144832K, committed 144972K, reserved 1175552K
  class space    used 17652K, capacity 19289K, committed 19328K, reserved 1048576K
}
Event: 1478.062 GC heap before
{Heap before GC invocations=115 (full 0):
 garbage-first heap   total 231424K, used 195584K [0x0000000080000000, 0x0000000100000000)
  region size 1024K, 27 young (27648K), 4 survivors (4096K)
 Metaspace       used 140362K, capacity 144996K, committed 145228K, reserved 1175552K
  class space    used 17657K, capacity 19299K, committed 19328K, reserved 1048576K
}
Event: 1478.120 GC heap after
{Heap after GC invocations=116 (full 0):
 garbage-first heap   total 231424K, used 174729K [0x0000000080000000, 0x0000000100000000)
  region size 1024K, 2 young (2048K), 2 survivors (2048K)
 Metaspace       used 140362K, capacity 144996K, committed 145228K, reserved 1175552K
  class space    used 17657K, capacity 19299K, committed 19328K, reserved 1048576K
}
Event: 1517.036 GC heap before
{Heap before GC invocations=117 (full 0):
 garbage-first heap   total 231424K, used 200329K [0x0000000080000000, 0x0000000100000000)
  region size 1024K, 24 young (24576K), 2 survivors (2048K)
 Metaspace       used 140408K, capacity 145001K, committed 145228K, reserved 1175552K
  class space    used 17657K, capacity 19299K, committed 19328K, reserved 1048576K
}
Event: 1517.094 GC heap after
{Heap after GC invocations=118 (full 0):
 garbage-first heap   total 231424K, used 161754K [0x0000000080000000, 0x0000000100000000)
  region size 1024K, 1 young (1024K), 1 survivors (1024K)
 Metaspace       used 140408K, capacity 145001K, committed 145228K, reserved 1175552K
  class space    used 17657K, capacity 19299K, committed 19328K, reserved 1048576K
}
Event: 1518.172 GC heap before
{Heap before GC invocations=118 (full 0):
 garbage-first heap   total 231424K, used 171994K [0x0000000080000000, 0x0000000100000000)
  region size 1024K, 11 young (11264K), 1 survivors (1024K)
 Metaspace       used 140440K, capacity 145032K, committed 145228K, reserved 1175552K
  class space    used 17661K, capacity 19306K, committed 19328K, reserved 1048576K
}
Event: 1518.272 GC heap after
{Heap after GC invocations=119 (full 0):
 garbage-first heap   total 231424K, used 142336K [0x0000000080000000, 0x0000000100000000)
  region size 1024K, 2 young (2048K), 2 survivors (2048K)
 Metaspace       used 140440K, capacity 145032K, committed 145228K, reserved 1175552K
  class space    used 17661K, capacity 19306K, committed 19328K, reserved 1048576K
}

Deoptimization events (20 events):
Event: 1479.606 Thread 0x000002261701c000 DEOPT PACKING pc=0x00000226011667bf sp=0x00000050dfcfcdd0
Event: 1479.606 Thread 0x000002261701c000 DEOPT UNPACKING pc=0x0000022600026abf sp=0x00000050dfcfc228 mode 0
Event: 1479.606 Thread 0x000002261701c000 DEOPT PACKING pc=0x00000226011667bf sp=0x00000050dfcfcdd0
Event: 1479.606 Thread 0x000002261701c000 DEOPT UNPACKING pc=0x0000022600026abf sp=0x00000050dfcfc228 mode 0
Event: 1479.607 Thread 0x000002261701c000 DEOPT PACKING pc=0x0000022601161534 sp=0x00000050dfcfcd90
Event: 1479.607 Thread 0x000002261701c000 DEOPT UNPACKING pc=0x0000022600026abf sp=0x00000050dfcfc250 mode 0
Event: 1479.607 Thread 0x000002261701c000 DEOPT PACKING pc=0x00000226011667bf sp=0x00000050dfcfcdd0
Event: 1479.607 Thread 0x000002261701c000 DEOPT UNPACKING pc=0x0000022600026abf sp=0x00000050dfcfc228 mode 0
Event: 1479.608 Thread 0x000002261701c000 DEOPT PACKING pc=0x00000226011667bf sp=0x00000050dfcfcf70
Event: 1479.608 Thread 0x000002261701c000 DEOPT UNPACKING pc=0x0000022600026abf sp=0x00000050dfcfc3c8 mode 0
Event: 1479.611 Thread 0x000002261701c000 DEOPT PACKING pc=0x00000226011667bf sp=0x00000050dfcfce20
Event: 1479.611 Thread 0x000002261701c000 DEOPT UNPACKING pc=0x0000022600026abf sp=0x00000050dfcfc278 mode 0
Event: 1493.563 Thread 0x0000022619496000 Uncommon trap: trap_request=0xffffff4d fr.pc=0x0000022607fc6460 relative=0x00000000000004a0
Event: 1493.563 Thread 0x0000022619496000 Uncommon trap: reason=unstable_if action=reinterpret pc=0x0000022607fc6460 method=java.lang.Module.getLayer()Ljava/lang/ModuleLayer; @ 13 c2
Event: 1493.563 Thread 0x0000022619496000 DEOPT PACKING pc=0x0000022607fc6460 sp=0x00000050e06fcfd0
Event: 1493.563 Thread 0x0000022619496000 DEOPT UNPACKING pc=0x0000022600026ca9 sp=0x00000050e06fce98 mode 2
Event: 1493.563 Thread 0x0000022619496000 Uncommon trap: trap_request=0xffffff4d fr.pc=0x0000022607fc56f8 relative=0x00000000000001b8
Event: 1493.564 Thread 0x0000022619496000 Uncommon trap: reason=unstable_if action=reinterpret pc=0x0000022607fc56f8 method=java.lang.Module.getLayer()Ljava/lang/ModuleLayer; @ 13 c2
Event: 1493.564 Thread 0x0000022619496000 DEOPT PACKING pc=0x0000022607fc56f8 sp=0x00000050e06fcf00
Event: 1493.564 Thread 0x0000022619496000 DEOPT UNPACKING pc=0x0000022600026ca9 sp=0x00000050e06fce90 mode 2

Classes redefined (0 events):
No events

Internal exceptions (20 events):
Event: 1387.337 Thread 0x0000022619ca6800 Exception <a 'sun/nio/fs/WindowsException'{0x000000008c770118}> (0x000000008c770118) thrown at [./src/hotspot/share/prims/jni.cpp, line 615]
Event: 1387.785 Thread 0x0000022619ca6800 Exception <a 'sun/nio/fs/WindowsException'{0x000000008be46fa8}> (0x000000008be46fa8) thrown at [./src/hotspot/share/prims/jni.cpp, line 615]
Event: 1387.819 Thread 0x0000022619ca6800 Exception <a 'sun/nio/fs/WindowsException'{0x000000008bee52d0}> (0x000000008bee52d0) thrown at [./src/hotspot/share/prims/jni.cpp, line 615]
Event: 1387.820 Thread 0x0000022619ca6800 Exception <a 'sun/nio/fs/WindowsException'{0x000000008bee63a0}> (0x000000008bee63a0) thrown at [./src/hotspot/share/prims/jni.cpp, line 615]
Event: 1387.820 Thread 0x0000022619ca6800 Exception <a 'sun/nio/fs/WindowsException'{0x000000008bee74c0}> (0x000000008bee74c0) thrown at [./src/hotspot/share/prims/jni.cpp, line 615]
Event: 1387.820 Thread 0x0000022619ca6800 Exception <a 'sun/nio/fs/WindowsException'{0x000000008bee85e0}> (0x000000008bee85e0) thrown at [./src/hotspot/share/prims/jni.cpp, line 615]
Event: 1387.932 Thread 0x0000022619ca6800 Implicit null exception at 0x0000022607dd746c to 0x0000022607dd7958
Event: 1388.166 Thread 0x0000022619ca6800 Exception <a 'sun/nio/fs/WindowsException'{0x000000008dec2f48}> (0x000000008dec2f48) thrown at [./src/hotspot/share/prims/jni.cpp, line 615]
Event: 1388.999 Thread 0x0000022619caf800 Exception <a 'sun/nio/fs/WindowsException'{0x000000008c770a88}> (0x000000008c770a88) thrown at [./src/hotspot/share/prims/jni.cpp, line 615]
Event: 1467.536 Thread 0x0000022619cae800 Exception <a 'sun/nio/fs/WindowsException'{0x000000008d6d2988}> (0x000000008d6d2988) thrown at [./src/hotspot/share/prims/jni.cpp, line 615]
Event: 1468.341 Thread 0x0000022619cae800 Exception <a 'sun/nio/fs/WindowsException'{0x000000008cc06e88}> (0x000000008cc06e88) thrown at [./src/hotspot/share/prims/jni.cpp, line 615]
Event: 1468.379 Thread 0x0000022619cae800 Exception <a 'sun/nio/fs/WindowsException'{0x000000008cca3cd0}> (0x000000008cca3cd0) thrown at [./src/hotspot/share/prims/jni.cpp, line 615]
Event: 1468.380 Thread 0x0000022619cae800 Exception <a 'sun/nio/fs/WindowsException'{0x000000008cca4da0}> (0x000000008cca4da0) thrown at [./src/hotspot/share/prims/jni.cpp, line 615]
Event: 1468.380 Thread 0x0000022619cae800 Exception <a 'sun/nio/fs/WindowsException'{0x000000008cca5ec0}> (0x000000008cca5ec0) thrown at [./src/hotspot/share/prims/jni.cpp, line 615]
Event: 1468.381 Thread 0x0000022619cae800 Exception <a 'sun/nio/fs/WindowsException'{0x000000008cca6fe0}> (0x000000008cca6fe0) thrown at [./src/hotspot/share/prims/jni.cpp, line 615]
Event: 1468.600 Thread 0x0000022619cae800 Exception <a 'sun/nio/fs/WindowsException'{0x000000008c758ac8}> (0x000000008c758ac8) thrown at [./src/hotspot/share/prims/jni.cpp, line 615]
Event: 1477.253 Thread 0x000002261701b000 Exception <a 'sun/nio/fs/WindowsException'{0x000000008e0a9200}> (0x000000008e0a9200) thrown at [./src/hotspot/share/prims/jni.cpp, line 615]
Event: 1477.253 Thread 0x000002261701b000 Exception <a 'sun/nio/fs/WindowsException'{0x000000008e0a92e8}> (0x000000008e0a92e8) thrown at [./src/hotspot/share/prims/jni.cpp, line 615]
Event: 1477.941 Thread 0x000002261948d000 Exception <a 'java/lang/InterruptedException'{0x000000008ccdeff0}> (0x000000008ccdeff0) thrown at [./src/hotspot/share/runtime/objectMonitor.cpp, line 1635]
Event: 1480.636 Thread 0x0000022617ea4000 Exception <a 'sun/nio/fs/WindowsException'{0x000000008cd1c300}> (0x000000008cd1c300) thrown at [./src/hotspot/share/prims/jni.cpp, line 615]

Events (20 events):
Event: 1517.161 Thread 0x000002261948d000 Thread exited: 0x000002261948d000
Event: 1517.193 Thread 0x0000022617ea1000 Thread added: 0x0000022617ea1000
Event: 1517.199 Thread 0x0000022617ea4000 Thread added: 0x0000022617ea4000
Event: 1517.201 Thread 0x0000022617ea2800 Thread added: 0x0000022617ea2800
Event: 1517.287 Thread 0x0000022617e9e800 Thread added: 0x0000022617e9e800
Event: 1517.296 Executing VM operation: RevokeBias
Event: 1517.296 Executing VM operation: RevokeBias done
Event: 1517.366 Thread 0x0000022617ea1800 Thread added: 0x0000022617ea1800
Event: 1517.377 Thread 0x0000022617361800 Thread added: 0x0000022617361800
Event: 1517.396 Thread 0x0000022617364000 Thread added: 0x0000022617364000
Event: 1517.520 Thread 0x0000022617362800 Thread added: 0x0000022617362800
Event: 1517.666 Thread 0x0000022617365800 Thread added: 0x0000022617365800
Event: 1518.145 Thread 0x0000022617365000 Thread added: 0x0000022617365000
Event: 1518.145 Thread 0x000002261736a000 Thread added: 0x000002261736a000
Event: 1518.146 Thread 0x000002261736b800 Thread added: 0x000002261736b800
Event: 1518.146 Thread 0x0000022617366800 Thread added: 0x0000022617366800
Event: 1518.151 Executing VM operation: RevokeBias
Event: 1518.156 Executing VM operation: RevokeBias done
Event: 1518.171 Executing VM operation: G1CollectForAllocation
Event: 1518.273 Executing VM operation: G1CollectForAllocation done


Dynamic libraries:
0x00007ff61bb30000 - 0x00007ff61bb3a000 	C:\Program Files\Android\Android Studio\jre\bin\java.exe
0x00007ffdfd710000 - 0x00007ffdfd905000 	C:\WINDOWS\SYSTEM32\ntdll.dll
0x00007ffdfd5a0000 - 0x00007ffdfd65e000 	C:\WINDOWS\System32\KERNEL32.DLL
0x00007ffdfaf20000 - 0x00007ffdfb1e9000 	C:\WINDOWS\System32\KERNELBASE.dll
0x00007ffdfb220000 - 0x00007ffdfb320000 	C:\WINDOWS\System32\ucrtbase.dll
0x00007ffdf5e10000 - 0x00007ffdf5e29000 	C:\Program Files\Android\Android Studio\jre\bin\jli.dll
0x00007ffdf5e70000 - 0x00007ffdf5e87000 	C:\Program Files\Android\Android Studio\jre\bin\VCRUNTIME140.dll
0x00007ffdfb900000 - 0x00007ffdfbaa1000 	C:\WINDOWS\System32\USER32.dll
0x00007ffdfb6d0000 - 0x00007ffdfb6f2000 	C:\WINDOWS\System32\win32u.dll
0x00007ffdfcbe0000 - 0x00007ffdfcc0b000 	C:\WINDOWS\System32\GDI32.dll
0x00007ffde7df0000 - 0x00007ffde808a000 	C:\WINDOWS\WinSxS\amd64_microsoft.windows.common-controls_6595b64144ccf1df_6.0.19041.1110_none_60b5254171f9507e\COMCTL32.dll
0x00007ffdfb5c0000 - 0x00007ffdfb6cb000 	C:\WINDOWS\System32\gdi32full.dll
0x00007ffdfb800000 - 0x00007ffdfb89e000 	C:\WINDOWS\System32\msvcrt.dll
0x00007ffdfae30000 - 0x00007ffdfaecd000 	C:\WINDOWS\System32\msvcp_win.dll
0x00007ffdfb760000 - 0x00007ffdfb790000 	C:\WINDOWS\System32\IMM32.DLL
0x00007ffdebd10000 - 0x00007ffdebdad000 	C:\Program Files\Android\Android Studio\jre\bin\msvcp140.dll
0x00007ffd9ce80000 - 0x00007ffd9d94f000 	C:\Program Files\Android\Android Studio\jre\bin\server\jvm.dll
0x00007ffdfbfd0000 - 0x00007ffdfc07c000 	C:\WINDOWS\System32\ADVAPI32.dll
0x00007ffdfbf10000 - 0x00007ffdfbfab000 	C:\WINDOWS\System32\sechost.dll
0x00007ffdfc240000 - 0x00007ffdfc36a000 	C:\WINDOWS\System32\RPCRT4.dll
0x00007ffdfd6c0000 - 0x00007ffdfd6c8000 	C:\WINDOWS\System32\PSAPI.DLL
0x00007ffde0110000 - 0x00007ffde0137000 	C:\WINDOWS\SYSTEM32\WINMM.dll
0x00007ffdf7a70000 - 0x00007ffdf7a79000 	C:\WINDOWS\SYSTEM32\WSOCK32.dll
0x00007ffdfb790000 - 0x00007ffdfb7fb000 	C:\WINDOWS\System32\WS2_32.dll
0x00007ffdf21d0000 - 0x00007ffdf21da000 	C:\WINDOWS\SYSTEM32\VERSION.dll
0x00007ffdf8dc0000 - 0x00007ffdf8dd2000 	C:\WINDOWS\SYSTEM32\kernel.appcore.dll
0x00007ffdf7a50000 - 0x00007ffdf7a61000 	C:\Program Files\Android\Android Studio\jre\bin\verify.dll
0x00007ffdf8a50000 - 0x00007ffdf8c34000 	C:\WINDOWS\SYSTEM32\DBGHELP.DLL
0x00007ffde15f0000 - 0x00007ffde161c000 	C:\WINDOWS\SYSTEM32\dbgcore.DLL
0x00007ffdfb320000 - 0x00007ffdfb3a3000 	C:\WINDOWS\System32\bcryptPrimitives.dll
0x00007ffdf3bb0000 - 0x00007ffdf3bd9000 	C:\Program Files\Android\Android Studio\jre\bin\java.dll
0x00007ffdf4700000 - 0x00007ffdf470b000 	C:\Program Files\Android\Android Studio\jre\bin\jimage.dll
0x00007ffdf3b90000 - 0x00007ffdf3ba8000 	C:\Program Files\Android\Android Studio\jre\bin\zip.dll
0x00007ffdfc440000 - 0x00007ffdfcb7f000 	C:\WINDOWS\System32\SHELL32.dll
0x00007ffdf8f30000 - 0x00007ffdf96c0000 	C:\WINDOWS\SYSTEM32\windows.storage.dll
0x00007ffdfbab0000 - 0x00007ffdfbe05000 	C:\WINDOWS\System32\combase.dll
0x00007ffdfa7b0000 - 0x00007ffdfa7dc000 	C:\WINDOWS\SYSTEM32\Wldp.dll
0x00007ffdfd4f0000 - 0x00007ffdfd59e000 	C:\WINDOWS\System32\SHCORE.dll
0x00007ffdfb8a0000 - 0x00007ffdfb8f5000 	C:\WINDOWS\System32\shlwapi.dll
0x00007ffdfad70000 - 0x00007ffdfad8f000 	C:\WINDOWS\SYSTEM32\profapi.dll
0x00007ffdf3a40000 - 0x00007ffdf3a5a000 	C:\Program Files\Android\Android Studio\jre\bin\net.dll
0x00007ffdef060000 - 0x00007ffdef168000 	C:\WINDOWS\SYSTEM32\WINHTTP.dll
0x00007ffdfa510000 - 0x00007ffdfa57a000 	C:\WINDOWS\system32\mswsock.dll
0x00007ffdf20d0000 - 0x00007ffdf20e4000 	C:\Program Files\Android\Android Studio\jre\bin\nio.dll
0x00007ffdf3a70000 - 0x00007ffdf3a97000 	C:\Users\Pro\.gradle\native\8bec1ad78214c89d9ad589b4d07fe93259594b29d510b10fafb7a158f7737e5d\windows-amd64\native-platform.dll
0x00007ffd9a4a0000 - 0x00007ffd9a5dd000 	C:\Users\Pro\.gradle\native\53dbd7edfb1c66fb8903c78663c9afc45aea4f116125fa6feffd364cf09443e8\windows-amd64\native-platform-file-events.dll
0x00007ffdf46d0000 - 0x00007ffdf46da000 	C:\Program Files\Android\Android Studio\jre\bin\management.dll
0x00007ffdf4590000 - 0x00007ffdf459c000 	C:\Program Files\Android\Android Studio\jre\bin\management_ext.dll
0x00007ffdfa700000 - 0x00007ffdfa718000 	C:\WINDOWS\SYSTEM32\CRYPTSP.dll
0x00007ffdf9e90000 - 0x00007ffdf9ec4000 	C:\WINDOWS\system32\rsaenh.dll
0x00007ffdfb1f0000 - 0x00007ffdfb217000 	C:\WINDOWS\System32\bcrypt.dll
0x00007ffdfad30000 - 0x00007ffdfad5e000 	C:\WINDOWS\SYSTEM32\USERENV.dll
0x00007ffdfa720000 - 0x00007ffdfa72c000 	C:\WINDOWS\SYSTEM32\CRYPTBASE.dll
0x00007ffdfa200000 - 0x00007ffdfa23b000 	C:\WINDOWS\SYSTEM32\IPHLPAPI.DLL
0x00007ffdfbe70000 - 0x00007ffdfbe78000 	C:\WINDOWS\System32\NSI.dll
0x00007ffdea550000 - 0x00007ffdea567000 	C:\WINDOWS\SYSTEM32\dhcpcsvc6.DLL
0x00007ffdeb9e0000 - 0x00007ffdeb9fd000 	C:\WINDOWS\SYSTEM32\dhcpcsvc.DLL
0x00007ffdfa240000 - 0x00007ffdfa30c000 	C:\WINDOWS\SYSTEM32\DNSAPI.dll
0x00007ffdf5e90000 - 0x00007ffdf5eae000 	C:\Users\Pro\AppData\Local\Temp\native-platform17848526960192123629dir\native-platform.dll
0x00007ffdf5ec0000 - 0x00007ffdf5ec8000 	C:\Program Files\Android\Android Studio\jre\bin\rmi.dll
0x00007ffdcd750000 - 0x00007ffdcd777000 	C:\Program Files\Android\Android Studio\jre\bin\sunec.dll

dbghelp: loaded successfully - version: 4.0.5 - missing functions: none
symbol engine: initialized successfully - sym options: 0x614 - pdb path: .;C:\Program Files\Android\Android Studio\jre\bin;C:\WINDOWS\SYSTEM32;C:\WINDOWS\WinSxS\amd64_microsoft.windows.common-controls_6595b64144ccf1df_6.0.19041.1110_none_60b5254171f9507e;C:\Program Files\Android\Android Studio\jre\bin\server;C:\Users\Pro\.gradle\native\8bec1ad78214c89d9ad589b4d07fe93259594b29d510b10fafb7a158f7737e5d\windows-amd64;C:\Users\Pro\.gradle\native\53dbd7edfb1c66fb8903c78663c9afc45aea4f116125fa6feffd364cf09443e8\windows-amd64;C:\Users\Pro\AppData\Local\Temp\native-platform17848526960192123629dir

VM Arguments:
jvm_args: --add-opens=java.base/java.util=ALL-UNNAMED --add-opens=java.base/java.lang=ALL-UNNAMED --add-opens=java.base/java.lang.invoke=ALL-UNNAMED --add-opens=java.base/java.util=ALL-UNNAMED --add-opens=java.prefs/java.util.prefs=ALL-UNNAMED --add-opens=java.prefs/java.util.prefs=ALL-UNNAMED --add-opens=java.base/java.nio.charset=ALL-UNNAMED --add-opens=java.base/java.net=ALL-UNNAMED --add-opens=java.base/java.util.concurrent.atomic=ALL-UNNAMED -Xmx2048m -Dfile.encoding=UTF-8 -Duser.country=ID -Duser.language=en -Duser.variant 
java_command: org.gradle.launcher.daemon.bootstrap.GradleDaemon 7.0.2
java_class_path (initial): C:\Users\Pro\.gradle\wrapper\dists\gradle-7.0.2-bin\857tjihv64xamwrf0h14cai3r\gradle-7.0.2\lib\gradle-launcher-7.0.2.jar
Launcher Type: SUN_STANDARD

[Global flags]
     intx CICompilerCount                          = 3                                         {product} {ergonomic}
     uint ConcGCThreads                            = 1                                         {product} {ergonomic}
     uint G1ConcRefinementThreads                  = 4                                         {product} {ergonomic}
   size_t G1HeapRegionSize                         = 1048576                                   {product} {ergonomic}
    uintx GCDrainStackTargetSize                   = 64                                        {product} {ergonomic}
   size_t InitialHeapSize                          = 65011712                                  {product} {ergonomic}
   size_t MarkStackSize                            = 4194304                                   {product} {ergonomic}
   size_t MaxHeapSize                              = 2147483648                                {product} {command line}
   size_t MaxNewSize                               = 1287651328                                {product} {ergonomic}
   size_t MinHeapDeltaBytes                        = 1048576                                   {product} {ergonomic}
    uintx NonNMethodCodeHeapSize                   = 5830732                                {pd product} {ergonomic}
    uintx NonProfiledCodeHeapSize                  = 122913754                              {pd product} {ergonomic}
    uintx ProfiledCodeHeapSize                     = 122913754                              {pd product} {ergonomic}
    uintx ReservedCodeCacheSize                    = 251658240                              {pd product} {ergonomic}
     bool SegmentedCodeCache                       = true                                      {product} {ergonomic}
     bool UseCompressedClassPointers               = true                                 {lp64_product} {ergonomic}
     bool UseCompressedOops                        = true                                 {lp64_product} {ergonomic}
     bool UseG1GC                                  = true                                      {product} {ergonomic}
     bool UseLargePagesIndividualAllocation        = false                                  {pd product} {ergonomic}

Logging:
Log output configuration:
 #0: stdout all=warning uptime,level,tags
 #1: stderr all=off uptime,level,tags

Environment Variables:
PATH=C:\Program Files (x86)\Common Files\Intel\Shared Files\cpp\bin\Intel64;C:\WINDOWS\system32;C:\WINDOWS;C:\WINDOWS\System32\Wbem;C:\WINDOWS\System32\WindowsPowerShell\v1.0\;C:\WINDOWS\System32\OpenSSH\;C:\xampp\php;C:\ProgramData\ComposerSetup\bin;C:\Program Files\Git\cmd;C:\Users\Pro\AppData\Local\Microsoft\WindowsApps;C:\Users\Pro\AppData\Local\Programs\Microsoft VS Code\bin;C:\Users\Pro\AppData\Local\GitHubDesktop\bin;C:\Users\Pro\AppData\Roaming\Composer\vendor\bin
USERNAME=Pro
OS=Windows_NT
PROCESSOR_IDENTIFIER=Intel64 Family 6 Model 122 Stepping 8, GenuineIntel



---------------  S Y S T E M  ---------------

OS: Windows 10 , 64 bit Build 19041 (10.0.19041.1202)
OS uptime: 18 days 12:08 hours

CPU:total 4 (initial active 4) (4 cores per cpu, 1 threads per core) family 6 model 122 stepping 8 microcode 0xc, cmov, cx8, fxsr, mmx, sse, sse2, sse3, ssse3, sse4.1, sse4.2, popcnt, aes, clmul, erms, 3dnowpref, tsc, tscinvbit, sha

Memory: 4k page, system-wide physical 3899M (224M free)
TotalPageFile size 12525M (AvailPageFile size 3245M)
current process WorkingSet (physical memory assigned to process): 181M, peak: 452M
current process commit charge ("private bytes"): 609M, peak: 614M

vm_info: OpenJDK 64-Bit Server VM (11.0.10+0-b96-7249189) for windows-amd64 JRE (11.0.10+0-b96-7249189), built on Mar 31 2021 21:44:00 by "builder" with MS VC++ 14.0 (VS2015)

END.
